#
# There is insufficient memory for the Java Runtime Environment to continue.
# Native memory allocation (malloc) failed to allocate 1560960 bytes for Chunk::new
# Possible reasons:
#   The system is out of physical RAM or swap space
#   In 32 bit mode, the process size limit was hit
# Possible solutions:
#   Reduce memory load on the system
#   Increase physical memory or swap space
#   Check if swap backing store is full
#   Use 64 bit Java on a 64 bit OS
#   Decrease Java heap size (-Xmx/-Xms)
#   Decrease number of Java threads
#   Decrease Java thread stack sizes (-Xss)
#   Set larger code cache with -XX:ReservedCodeCacheSize=
# This output file may be truncated or incomplete.
#
#  Out of Memory Error (allocation.cpp:390), pid=29788, tid=0x0000000000005fcc
#
# JRE version: OpenJDK Runtime Environment (8.0_152-b01) (build 1.8.0_152-release-915-b01)
# Java VM: OpenJDK 64-Bit Server VM (25.152-b01 mixed mode windows-amd64 compressed oops)
# Failed to write core dump. Minidumps are not enabled by default on client versions of Windows
#

---------------  T H R E A D  ---------------

Current thread (0x0000000018e6c000):  JavaThread "C2 CompilerThread1" daemon [_thread_in_native, id=24524, stack(0x000000001b5d0000,0x000000001b6d0000)]

Stack: [0x000000001b5d0000,0x000000001b6d0000]
[error occurred during error reporting (printing stack bounds), id 0xc0000005]

Native frames: (J=compiled Java code, j=interpreted, Vv=VM code, C=native code)


Current CompileTask:
C2: 243816 8523       4       org.gradle.model.internal.type.ModelType::wrap (219 bytes)


---------------  P R O C E S S  ---------------

Java Threads: ( => current thread )
  0x000000001d703000 JavaThread "ForkJoinPool.commonPool-worker-1" daemon [_thread_blocked, id=26296, stack(0x0000000035300000,0x0000000035400000)]
  0x000000001d6fa800 JavaThread "Memory manager" [_thread_blocked, id=7452, stack(0x0000000024d80000,0x0000000024e80000)]
  0x000000001d700000 JavaThread "build operations Thread 8" [_thread_blocked, id=22452, stack(0x0000000024c80000,0x0000000024d80000)]
  0x000000001fad0800 JavaThread "build operations Thread 7" [_thread_blocked, id=3692, stack(0x0000000024b80000,0x0000000024c80000)]
  0x000000001facf800 JavaThread "build operations Thread 6" [_thread_blocked, id=2272, stack(0x0000000024a80000,0x0000000024b80000)]
  0x000000001facf000 JavaThread "build operations Thread 5" [_thread_blocked, id=11720, stack(0x0000000024980000,0x0000000024a80000)]
  0x000000001fad2800 JavaThread "build operations Thread 4" [_thread_blocked, id=27396, stack(0x0000000024880000,0x0000000024980000)]
  0x000000001face000 JavaThread "build operations Thread 3" [_thread_blocked, id=29032, stack(0x0000000024780000,0x0000000024880000)]
  0x000000001facd800 JavaThread "build operations Thread 2" [_thread_blocked, id=4808, stack(0x00000000243d0000,0x00000000244d0000)]
  0x000000001facc800 JavaThread "build operations" [_thread_blocked, id=24384, stack(0x0000000021a00000,0x0000000021b00000)]
  0x000000001facc000 JavaThread "Cache worker for Artifact transforms cache (C:\Users\LUNA\.gradle\caches\transforms-1)" [_thread_blocked, id=28780, stack(0x0000000021700000,0x0000000021800000)]
  0x000000001d610000 JavaThread "Cache worker for file hash cache (C:\Users\LUNA\AndroidStudioProjects\caramelo2\.gradle\4.1\fileHashes)" [_thread_blocked, id=31632, stack(0x000000001f460000,0x000000001f560000)]
  0x000000001d434800 JavaThread "File lock request listener" [_thread_in_native, id=31728, stack(0x000000001f360000,0x000000001f460000)]
  0x000000001d054800 JavaThread "Cache worker for file hash cache (C:\Users\LUNA\.gradle\caches\4.1\fileHashes)" [_thread_blocked, id=19448, stack(0x000000001f060000,0x000000001f160000)]
  0x000000001ca2d000 JavaThread "Asynchronous log dispatcher for DefaultDaemonConnection: socket connection from /127.0.0.1:53004 to /127.0.0.1:53007" [_thread_blocked, id=20116, stack(0x000000001ed60000,0x000000001ee60000)]
  0x000000001d1e7800 JavaThread "Daemon worker" [_thread_in_vm, id=2384, stack(0x000000001ec60000,0x000000001ed60000)]
  0x000000001d1e6000 JavaThread "Cancel handler" [_thread_blocked, id=23596, stack(0x000000001eb60000,0x000000001ec60000)]
  0x000000001cfb8000 JavaThread "Handler for socket connection from /127.0.0.1:53004 to /127.0.0.1:53007" [_thread_in_native, id=26656, stack(0x000000001e860000,0x000000001e960000)]
  0x000000001cb33000 JavaThread "Daemon" [_thread_blocked, id=3944, stack(0x000000001e760000,0x000000001e860000)]
  0x000000001cb36000 JavaThread "Daemon periodic checks" [_thread_blocked, id=6040, stack(0x000000001e660000,0x000000001e760000)]
  0x000000001ca42000 JavaThread "Incoming local TCP Connector on port 53004" [_thread_in_native, id=9700, stack(0x000000001d2a0000,0x000000001d3a0000)]
  0x000000001ae63000 JavaThread "Service Thread" daemon [_thread_blocked, id=30592, stack(0x000000001b8d0000,0x000000001b9d0000)]
  0x000000001addc800 JavaThread "C1 CompilerThread3" daemon [_thread_blocked, id=10952, stack(0x000000001b7d0000,0x000000001b8d0000)]
  0x0000000018e6e000 JavaThread "C2 CompilerThread2" daemon [_thread_in_native, id=1668, stack(0x000000001b6d0000,0x000000001b7d0000)]
=>0x0000000018e6c000 JavaThread "C2 CompilerThread1" daemon [_thread_in_native, id=24524, stack(0x000000001b5d0000,0x000000001b6d0000)]
  0x0000000018e6a000 JavaThread "C2 CompilerThread0" daemon [_thread_in_native, id=28784, stack(0x000000001b4d0000,0x000000001b5d0000)]
  0x000000001ad81000 JavaThread "Attach Listener" daemon [_thread_blocked, id=25676, stack(0x000000001b3d0000,0x000000001b4d0000)]
  0x000000001add0800 JavaThread "Signal Dispatcher" daemon [_thread_blocked, id=24472, stack(0x000000001b2d0000,0x000000001b3d0000)]
  0x000000001ad60800 JavaThread "Finalizer" daemon [_thread_blocked, id=12300, stack(0x000000001b140000,0x000000001b240000)]
  0x0000000005099000 JavaThread "Reference Handler" daemon [_thread_blocked, id=18088, stack(0x000000001ac40000,0x000000001ad40000)]
  0x0000000004fa2800 JavaThread "main" [_thread_blocked, id=26052, stack(0x0000000004e50000,0x0000000004f50000)]

Other Threads:
  0x0000000018e55800 VMThread [stack: 0x000000001ab40000,0x000000001ac40000] [id=24084]
  0x000000001ae63800 WatcherThread [stack: 0x000000001b9d0000,0x000000001bad0000] [id=22288]

VM state:not at safepoint (normal execution)

VM Mutex/Monitor currently owned by a thread: None

Heap:
 PSYoungGen      total 339456K, used 23372K [0x00000000e0000000, 0x00000000fa580000, 0x0000000100000000)
  eden space 312832K, 7% used [0x00000000e0000000,0x00000000e16d3320,0x00000000f3180000)
  from space 26624K, 0% used [0x00000000f3180000,0x00000000f3180000,0x00000000f4b80000)
  to   space 26112K, 0% used [0x00000000f4b80000,0x00000000f4b80000,0x00000000f6500000)
 ParOldGen       total 138752K, used 34793K [0x00000000a0000000, 0x00000000a8780000, 0x00000000e0000000)
  object space 138752K, 25% used [0x00000000a0000000,0x00000000a21fa6d8,0x00000000a8780000)
 Metaspace       used 59089K, capacity 61534K, committed 61784K, reserved 1101824K
  class space    used 7966K, capacity 8510K, committed 8576K, reserved 1048576K

Card table byte_map: [0x0000000014460000,0x0000000014770000] byte_map_base: 0x0000000013f60000

Marking Bits: (ParMarkBitMap*) 0x000000006f713950
 Begin Bits: [0x0000000015170000, 0x0000000016970000)
 End Bits:   [0x0000000016970000, 0x0000000018170000)

Polling page: 0x0000000003280000

CodeCache: size=245760Kb used=24139Kb max_used=24139Kb free=221620Kb
 bounds [0x00000000050a0000, 0x0000000006860000, 0x00000000140a0000]
 total_blobs=8185 nmethods=7383 adapters=714
 compilation: enabled

Compilation events (10 events):
Event: 243.786 Thread 0x000000001addc800 8832       3       com.google.wireless.android.sdk.stats.ApiVersion::internalGetFieldAccessorTable (11 bytes)
Event: 243.786 Thread 0x000000001addc800 nmethod 8832 0x00000000068438d0 code [0x0000000006843a40, 0x0000000006843c68]
Event: 243.786 Thread 0x000000001addc800 8820       3       sun.reflect.AccessorGenerator::typeSizeInStackSlots (27 bytes)
Event: 243.786 Thread 0x000000001addc800 nmethod 8820 0x0000000006843490 code [0x0000000006843600, 0x0000000006843850]
Event: 243.786 Thread 0x000000001addc800 8829       3       com.google.protobuf.TextFormat$Printer::printUnknownFields (231 bytes)
Event: 243.787 Thread 0x000000001addc800 nmethod 8829 0x000000000684d610 code [0x000000000684d9e0, 0x000000000684fb08]
Event: 243.787 Thread 0x000000001addc800 8833       3       com.google.protobuf.GeneratedMessageV3$FieldAccessorTable$RepeatedFieldAccessor::get (13 bytes)
Event: 243.787 Thread 0x000000001addc800 nmethod 8833 0x0000000006850850 code [0x00000000068509c0, 0x0000000006850c28]
Event: 243.787 Thread 0x000000001addc800 8834       3       com.google.common.collect.Iterators::forArray (9 bytes)
Event: 243.788 Thread 0x000000001addc800 nmethod 8834 0x0000000006850d10 code [0x0000000006850e80, 0x0000000006851008]

GC Heap History (10 events):
Event: 11.003 GC heap before
{Heap before GC invocations=10 (full 2):
 PSYoungGen      total 203264K, used 203237K [0x00000000e0000000, 0x00000000f2b80000, 0x0000000100000000)
  eden space 190464K, 100% used [0x00000000e0000000,0x00000000eba00000,0x00000000eba00000)
  from space 12800K, 99% used [0x00000000eba00000,0x00000000ec679638,0x00000000ec680000)
  to   space 16896K, 0% used [0x00000000f1b00000,0x00000000f1b00000,0x00000000f2b80000)
 ParOldGen       total 138752K, used 20267K [0x00000000a0000000, 0x00000000a8780000, 0x00000000e0000000)
  object space 138752K, 14% used [0x00000000a0000000,0x00000000a13cae98,0x00000000a8780000)
 Metaspace       used 53845K, capacity 55672K, committed 55896K, reserved 1097728K
  class space    used 7276K, capacity 7719K, committed 7808K, reserved 1048576K
Event: 11.018 GC heap after
Heap after GC invocations=10 (full 2):
 PSYoungGen      total 280064K, used 16869K [0x00000000e0000000, 0x00000000f2c00000, 0x0000000100000000)
  eden space 263168K, 0% used [0x00000000e0000000,0x00000000e0000000,0x00000000f0100000)
  from space 16896K, 99% used [0x00000000f1b00000,0x00000000f2b79530,0x00000000f2b80000)
  to   space 22016K, 0% used [0x00000000f0100000,0x00000000f0100000,0x00000000f1680000)
 ParOldGen       total 138752K, used 27399K [0x00000000a0000000, 0x00000000a8780000, 0x00000000e0000000)
  object space 138752K, 19% used [0x00000000a0000000,0x00000000a1ac1f90,0x00000000a8780000)
 Metaspace       used 53845K, capacity 55672K, committed 55896K, reserved 1097728K
  class space    used 7276K, capacity 7719K, committed 7808K, reserved 1048576K
}
Event: 242.947 GC heap before
{Heap before GC invocations=11 (full 2):
 PSYoungGen      total 280064K, used 279783K [0x00000000e0000000, 0x00000000f2c00000, 0x0000000100000000)
  eden space 263168K, 99% used [0x00000000e0000000,0x00000000f00c0870,0x00000000f0100000)
  from space 16896K, 99% used [0x00000000f1b00000,0x00000000f2b79530,0x00000000f2b80000)
  to   space 22016K, 0% used [0x00000000f0100000,0x00000000f0100000,0x00000000f1680000)
 ParOldGen       total 138752K, used 27399K [0x00000000a0000000, 0x00000000a8780000, 0x00000000e0000000)
  object space 138752K, 19% used [0x00000000a0000000,0x00000000a1ac1f90,0x00000000a8780000)
 Metaspace       used 56120K, capacity 58174K, committed 58200K, reserved 1099776K
  class space    used 7572K, capacity 8040K, committed 8064K, reserved 1048576K
Event: 242.967 GC heap after
Heap after GC invocations=11 (full 2):
 PSYoungGen      total 285184K, used 21985K [0x00000000e0000000, 0x00000000f6500000, 0x0000000100000000)
  eden space 263168K, 0% used [0x00000000e0000000,0x00000000e0000000,0x00000000f0100000)
  from space 22016K, 99% used [0x00000000f0100000,0x00000000f16784a0,0x00000000f1680000)
  to   space 26112K, 0% used [0x00000000f4b80000,0x00000000f4b80000,0x00000000f6500000)
 ParOldGen       total 138752K, used 29654K [0x00000000a0000000, 0x00000000a8780000, 0x00000000e0000000)
  object space 138752K, 21% used [0x00000000a0000000,0x00000000a1cf5878,0x00000000a8780000)
 Metaspace       used 56120K, capacity 58174K, committed 58200K, reserved 1099776K
  class space    used 7572K, capacity 8040K, committed 8064K, reserved 1048576K
}
Event: 243.009 GC heap before
{Heap before GC invocations=12 (full 2):
 PSYoungGen      total 285184K, used 284627K [0x00000000e0000000, 0x00000000f6500000, 0x0000000100000000)
  eden space 263168K, 99% used [0x00000000e0000000,0x00000000f007cb08,0x00000000f0100000)
  from space 22016K, 99% used [0x00000000f0100000,0x00000000f16784a0,0x00000000f1680000)
  to   space 26112K, 0% used [0x00000000f4b80000,0x00000000f4b80000,0x00000000f6500000)
 ParOldGen       total 138752K, used 29654K [0x00000000a0000000, 0x00000000a8780000, 0x00000000e0000000)
  object space 138752K, 21% used [0x00000000a0000000,0x00000000a1cf5878,0x00000000a8780000)
 Metaspace       used 56128K, capacity 58174K, committed 58200K, reserved 1099776K
  class space    used 7572K, capacity 8040K, committed 8064K, reserved 1048576K
Event: 243.022 GC heap after
Heap after GC invocations=12 (full 2):
 PSYoungGen      total 338944K, used 3112K [0x00000000e0000000, 0x00000000fa580000, 0x0000000100000000)
  eden space 312832K, 0% used [0x00000000e0000000,0x00000000e0000000,0x00000000f3180000)
  from space 26112K, 11% used [0x00000000f4b80000,0x00000000f4e8a180,0x00000000f6500000)
  to   space 26624K, 0% used [0x00000000f3180000,0x00000000f3180000,0x00000000f4b80000)
 ParOldGen       total 138752K, used 46461K [0x00000000a0000000, 0x00000000a8780000, 0x00000000e0000000)
  object space 138752K, 33% used [0x00000000a0000000,0x00000000a2d5f678,0x00000000a8780000)
 Metaspace       used 56128K, capacity 58174K, committed 58200K, reserved 1099776K
  class space    used 7572K, capacity 8040K, committed 8064K, reserved 1048576K
}
Event: 243.261 GC heap before
{Heap before GC invocations=13 (full 2):
 PSYoungGen      total 338944K, used 73809K [0x00000000e0000000, 0x00000000fa580000, 0x0000000100000000)
  eden space 312832K, 22% used [0x00000000e0000000,0x00000000e450a668,0x00000000f3180000)
  from space 26112K, 11% used [0x00000000f4b80000,0x00000000f4e8a180,0x00000000f6500000)
  to   space 26624K, 0% used [0x00000000f3180000,0x00000000f3180000,0x00000000f4b80000)
 ParOldGen       total 138752K, used 46461K [0x00000000a0000000, 0x00000000a8780000, 0x00000000e0000000)
  object space 138752K, 33% used [0x00000000a0000000,0x00000000a2d5f678,0x00000000a8780000)
 Metaspace       used 56880K, capacity 58998K, committed 59028K, reserved 1099776K
  class space    used 7706K, capacity 8180K, committed 8192K, reserved 1048576K
Event: 243.265 GC heap after
Heap after GC invocations=13 (full 2):
 PSYoungGen      total 339456K, used 1037K [0x00000000e0000000, 0x00000000fa580000, 0x0000000100000000)
  eden space 312832K, 0% used [0x00000000e0000000,0x00000000e0000000,0x00000000f3180000)
  from space 26624K, 3% used [0x00000000f3180000,0x00000000f32834e0,0x00000000f4b80000)
  to   space 26112K, 0% used [0x00000000f4b80000,0x00000000f4b80000,0x00000000f6500000)
 ParOldGen       total 138752K, used 47174K [0x00000000a0000000, 0x00000000a8780000, 0x00000000e0000000)
  object space 138752K, 33% used [0x00000000a0000000,0x00000000a2e11be8,0x00000000a8780000)
 Metaspace       used 56880K, capacity 58998K, committed 59028K, reserved 1099776K
  class space    used 7706K, capacity 8180K, committed 8192K, reserved 1048576K
}
Event: 243.265 GC heap before
{Heap before GC invocations=14 (full 3):
 PSYoungGen      total 339456K, used 1037K [0x00000000e0000000, 0x00000000fa580000, 0x0000000100000000)
  eden space 312832K, 0% used [0x00000000e0000000,0x00000000e0000000,0x00000000f3180000)
  from space 26624K, 3% used [0x00000000f3180000,0x00000000f32834e0,0x00000000f4b80000)
  to   space 26112K, 0% used [0x00000000f4b80000,0x00000000f4b80000,0x00000000f6500000)
 ParOldGen       total 138752K, used 47174K [0x00000000a0000000, 0x00000000a8780000, 0x00000000e0000000)
  object space 138752K, 33% used [0x00000000a0000000,0x00000000a2e11be8,0x00000000a8780000)
 Metaspace       used 56880K, capacity 58998K, committed 59028K, reserved 1099776K
  class space    used 7706K, capacity 8180K, committed 8192K, reserved 1048576K
Event: 243.494 GC heap after
Heap after GC invocations=14 (full 3):
 PSYoungGen      total 339456K, used 0K [0x00000000e0000000, 0x00000000fa580000, 0x0000000100000000)
  eden space 312832K, 0% used [0x00000000e0000000,0x00000000e0000000,0x00000000f3180000)
  from space 26624K, 0% used [0x00000000f3180000,0x00000000f3180000,0x00000000f4b80000)
  to   space 26112K, 0% used [0x00000000f4b80000,0x00000000f4b80000,0x00000000f6500000)
 ParOldGen       total 138752K, used 34793K [0x00000000a0000000, 0x00000000a8780000, 0x00000000e0000000)
  object space 138752K, 25% used [0x00000000a0000000,0x00000000a21fa6d8,0x00000000a8780000)
 Metaspace       used 56880K, capacity 58998K, committed 59028K, reserved 1099776K
  class space    used 7706K, capacity 8180K, committed 8192K, reserved 1048576K
}

Deoptimization events (10 events):
Event: 243.545 Thread 0x000000001d1e7800 Uncommon trap: reason=unstable_if action=reinterpret pc=0x0000000006505804 method=java.lang.reflect.Proxy.isProxyClass(Ljava/lang/Class;)Z @ 6
Event: 243.546 Thread 0x000000001d1e7800 Uncommon trap: reason=unstable_if action=reinterpret pc=0x00000000064c7e54 method=java.io.ObjectOutputStream.writeClassDesc(Ljava/io/ObjectStreamClass;Z)V @ 41
Event: 243.546 Thread 0x000000001d1e7800 Uncommon trap: reason=unstable_if action=reinterpret pc=0x0000000006031f78 method=java.lang.reflect.Proxy.isProxyClass(Ljava/lang/Class;)Z @ 6
Event: 243.550 Thread 0x000000001d1e7800 Uncommon trap: reason=unstable_if action=reinterpret pc=0x0000000005e7b148 method=java.io.ObjectOutputStream$HandleTable.assign(Ljava/lang/Object;)I @ 24
Event: 243.565 Thread 0x000000001d1e7800 Uncommon trap: reason=unstable_if action=reinterpret pc=0x00000000065f1628 method=java.io.ObjectStreamClass.hasWriteReplaceMethod()Z @ 8
Event: 243.606 Thread 0x000000001d701800 Uncommon trap: reason=class_check action=maybe_recompile pc=0x000000000530f158 method=java.util.concurrent.locks.ReentrantLock.lock()V @ 4
Event: 243.608 Thread 0x000000001d6fd000 Uncommon trap: reason=class_check action=maybe_recompile pc=0x000000000530f158 method=java.util.concurrent.locks.ReentrantLock.lock()V @ 4
Event: 243.649 Thread 0x000000001d1e7800 Uncommon trap: reason=unstable_if action=reinterpret pc=0x00000000066d830c method=sun.nio.ch.IOUtil.readIntoNativeBuffer(Ljava/io/FileDescriptor;Ljava/nio/ByteBuffer;JLsun/nio/ch/NativeDispatcher;)I @ 121
Event: 243.757 Thread 0x000000001d1e7800 Uncommon trap: reason=unstable_if action=reinterpret pc=0x00000000068276f8 method=java.io.BufferedWriter.min(II)I @ 2
Event: 243.787 Thread 0x000000001d1e7800 Uncommon trap: reason=unstable_if action=reinterpret pc=0x0000000006142300 method=java.nio.Buffer.limit(I)Ljava/nio/Buffer; @ 33

Classes redefined (0 events):
No events

Internal exceptions (10 events):
Event: 9.717 Thread 0x000000001d709800 Exception <a 'java/lang/NoSuchMethodError': <clinit>> (0x00000000e84511b0) thrown at [D:\src\AOSP-openjdk-cygwin\jdk8u\hotspot\src\share\vm\prims\jni.cpp, line 1613]
Event: 10.156 Thread 0x000000001d709800 Exception <a 'java/lang/NoSuchMethodError': <clinit>> (0x00000000e9a999b0) thrown at [D:\src\AOSP-openjdk-cygwin\jdk8u\hotspot\src\share\vm\prims\jni.cpp, line 1613]
Event: 13.533 Thread 0x000000001d703000 Exception <a 'java/lang/NoSuchMethodError': java.lang.Object.lambda$negate$1(Ljava/lang/Object;)Z> (0x00000000e043e4b0) thrown at [D:\src\AOSP-openjdk-cygwin\jdk8u\hotspot\src\share\vm\interpreter\linkResolver.cpp, line 584]
Event: 13.721 Thread 0x000000001d1e7800 Exception <a 'java/lang/ClassNotFoundException': org/gradle/api/plugins/JavaPluginConventionBeanInfo> (0x00000000e00a8860) thrown at [D:\src\AOSP-openjdk-cygwin\jdk8u\hotspot\src\share\vm\classfile\systemDictionary.cpp, line 210]
Event: 13.722 Thread 0x000000001d1e7800 Exception <a 'java/lang/ClassNotFoundException': org/gradle/api/plugins/JavaPluginConventionCustomizer> (0x00000000e00e03e0) thrown at [D:\src\AOSP-openjdk-cygwin\jdk8u\hotspot\src\share\vm\classfile\systemDictionary.cpp, line 210]
Event: 13.865 Thread 0x000000001d1e7800 Exception <a 'java/lang/NoSuchMethodError': java.lang.Object.lambda$or$2(Ljava/util/function/Predicate;Ljava/lang/Object;)Z> (0x00000000e11aa8d8) thrown at [D:\src\AOSP-openjdk-cygwin\jdk8u\hotspot\src\share\vm\interpreter\linkResolver.cpp, line 584]
Event: 13.868 Thread 0x000000001d1e7800 Exception <a 'java/lang/NoSuchMethodError': java.lang.Object.lambda$comparing$ea9a8b3a$1(Ljava/util/Comparator;Ljava/util/function/Function;Ljava/lang/Object;Ljava/lang/Object;)I> (0x00000000e11c0140) thrown at [D:\src\AOSP-openjdk-cygwin\jdk8u\hotspot\sr
Event: 242.720 Thread 0x000000001d703000 Exception <a 'java/lang/NoSuchMethodError': java.lang.Object.lambda$asRunnable$0(Lcom/android/apkzlib/utils/IOExceptionRunnable;)V> (0x00000000ea03d8d8) thrown at [D:\src\AOSP-openjdk-cygwin\jdk8u\hotspot\src\share\vm\interpreter\linkResolver.cpp, line 58
Event: 243.123 Thread 0x000000001d1e7800 Exception <a 'java/lang/IncompatibleClassChangeError': Found class java.lang.Object, but interface was expected> (0x00000000e37d44c0) thrown at [D:\src\AOSP-openjdk-cygwin\jdk8u\hotspot\src\share\vm\interpreter\linkResolver.cpp, line 643]
Event: 243.634 Thread 0x000000001d1e7800 Exception <a 'sun/nio/fs/WindowsException'> (0x00000000e0a61198) thrown at [D:\src\AOSP-openjdk-cygwin\jdk8u\hotspot\src\share\vm\prims\jni.cpp, line 709]

Events (10 events):
Event: 243.763 Thread 0x000000001addc800 flushing nmethod 0x0000000005b229d0
Event: 243.769 Thread 0x000000001addc800 flushing nmethod 0x0000000006630650
Event: 243.769 Thread 0x000000001addc800 flushing nmethod 0x000000000667eb10
Event: 243.787 Thread 0x000000001d1e7800 Uncommon trap: trap_request=0xffffff65 fr.pc=0x0000000006142300
Event: 243.787 Thread 0x000000001d1e7800 DEOPT PACKING pc=0x0000000006142300 sp=0x000000001ed5cad0
Event: 243.787 Thread 0x000000001d1e7800 DEOPT UNPACKING pc=0x00000000050e556a sp=0x000000001ed5ca70 mode 2
Event: 243.787 loading class com/google/wireless/android/sdk/stats/AndroidStudioEvent
Event: 243.787 loading class com/google/wireless/android/sdk/stats/AndroidStudioEvent done
Event: 243.790 loading class com/google/wireless/android/sdk/stats/AndroidStudioEventOrBuilder
Event: 243.790 loading class com/google/wireless/android/sdk/stats/AndroidStudioEventOrBuilder done


Dynamic libraries:
0x00007ff6d3c90000 - 0x00007ff6d3cc1000 	C:\Program Files\Android\Android Studio\jre\bin\java.exe
0x00007ffadba40000 - 0x00007ffadbc20000 	C:\WINDOWS\SYSTEM32\ntdll.dll
0x00007ffad90d0000 - 0x00007ffad917e000 	C:\WINDOWS\System32\KERNEL32.DLL
0x00007ffad8c80000 - 0x00007ffad8ee6000 	C:\WINDOWS\System32\KERNELBASE.dll
0x00007ffad9020000 - 0x00007ffad90c1000 	C:\WINDOWS\System32\ADVAPI32.dll
0x00007ffad9af0000 - 0x00007ffad9b8d000 	C:\WINDOWS\System32\msvcrt.dll
0x00007ffad94f0000 - 0x00007ffad954b000 	C:\WINDOWS\System32\sechost.dll
0x00007ffadb210000 - 0x00007ffadb32f000 	C:\WINDOWS\System32\RPCRT4.dll
0x00007ffad9180000 - 0x00007ffad930f000 	C:\WINDOWS\System32\USER32.dll
0x00007ffad8ef0000 - 0x00007ffad8f10000 	C:\WINDOWS\System32\win32u.dll
0x00007ffadb550000 - 0x00007ffadb578000 	C:\WINDOWS\System32\GDI32.dll
0x00007ffad8ae0000 - 0x00007ffad8c74000 	C:\WINDOWS\System32\gdi32full.dll
0x00007ffad8140000 - 0x00007ffad81db000 	C:\WINDOWS\System32\msvcp_win.dll
0x00007ffad8990000 - 0x00007ffad8a86000 	C:\WINDOWS\System32\ucrtbase.dll
0x00007ffacc970000 - 0x00007ffaccbd9000 	C:\WINDOWS\WinSxS\amd64_microsoft.windows.common-controls_6595b64144ccf1df_6.0.16299.64_none_cc9304e22215ca8f\COMCTL32.dll
0x00007ffadb700000 - 0x00007ffadba08000 	C:\WINDOWS\System32\combase.dll
0x00007ffad8010000 - 0x00007ffad8082000 	C:\WINDOWS\System32\bcryptPrimitives.dll
0x00007ffadb6a0000 - 0x00007ffadb6cd000 	C:\WINDOWS\System32\IMM32.DLL
0x000000006eda0000 - 0x000000006ee72000 	C:\Program Files\Android\Android Studio\jre\jre\bin\msvcr100.dll
0x000000006ef50000 - 0x000000006f78e000 	C:\Program Files\Android\Android Studio\jre\jre\bin\server\jvm.dll
0x00007ffadb6d0000 - 0x00007ffadb6d8000 	C:\WINDOWS\System32\PSAPI.DLL
0x00007ffad3590000 - 0x00007ffad35b3000 	C:\WINDOWS\SYSTEM32\WINMM.dll
0x00007ffad0bd0000 - 0x00007ffad0bda000 	C:\WINDOWS\SYSTEM32\VERSION.dll
0x00007ffad6a30000 - 0x00007ffad6a39000 	C:\WINDOWS\SYSTEM32\WSOCK32.dll
0x00007ffad8f10000 - 0x00007ffad8f7c000 	C:\WINDOWS\System32\WS2_32.dll
0x00007ffad3530000 - 0x00007ffad355a000 	C:\WINDOWS\SYSTEM32\WINMMBASE.dll
0x00007ffad8a90000 - 0x00007ffad8ada000 	C:\WINDOWS\System32\cfgmgr32.dll
0x00007ffad3ce0000 - 0x00007ffad3cef000 	C:\Program Files\Android\Android Studio\jre\jre\bin\verify.dll
0x00007ffad2310000 - 0x00007ffad2339000 	C:\Program Files\Android\Android Studio\jre\jre\bin\java.dll
0x00007ffad0e60000 - 0x00007ffad0e76000 	C:\Program Files\Android\Android Studio\jre\jre\bin\zip.dll
0x00007ffad9ba0000 - 0x00007ffadafd7000 	C:\WINDOWS\System32\SHELL32.dll
0x00007ffadb580000 - 0x00007ffadb626000 	C:\WINDOWS\System32\shcore.dll
0x00007ffad8240000 - 0x00007ffad8987000 	C:\WINDOWS\System32\windows.storage.dll
0x00007ffadb040000 - 0x00007ffadb091000 	C:\WINDOWS\System32\shlwapi.dll
0x00007ffad7db0000 - 0x00007ffad7dc1000 	C:\WINDOWS\System32\kernel.appcore.dll
0x00007ffad7df0000 - 0x00007ffad7e3c000 	C:\WINDOWS\System32\powrprof.dll
0x00007ffad7d90000 - 0x00007ffad7dab000 	C:\WINDOWS\System32\profapi.dll
0x00007ffad0e40000 - 0x00007ffad0e5a000 	C:\Program Files\Android\Android Studio\jre\jre\bin\net.dll
0x00007ffad7620000 - 0x00007ffad7686000 	C:\WINDOWS\system32\mswsock.dll
0x00007ffad0e20000 - 0x00007ffad0e31000 	C:\Program Files\Android\Android Studio\jre\jre\bin\nio.dll
0x00007ffacbed0000 - 0x00007ffacbeee000 	C:\Users\LUNA\.gradle\native\25\windows-amd64\native-platform.dll
0x00007ffad3c20000 - 0x00007ffad3c2d000 	C:\Program Files\Android\Android Studio\jre\jre\bin\management.dll
0x00007ffad77e0000 - 0x00007ffad77f7000 	C:\WINDOWS\SYSTEM32\CRYPTSP.dll
0x00007ffad7230000 - 0x00007ffad7263000 	C:\WINDOWS\system32\rsaenh.dll
0x00007ffad78f0000 - 0x00007ffad7915000 	C:\WINDOWS\SYSTEM32\bcrypt.dll
0x00007ffad7cc0000 - 0x00007ffad7ce9000 	C:\WINDOWS\SYSTEM32\USERENV.dll
0x00007ffad7800000 - 0x00007ffad780b000 	C:\WINDOWS\SYSTEM32\CRYPTBASE.dll
0x00007ffad73b0000 - 0x00007ffad73e9000 	C:\WINDOWS\SYSTEM32\IPHLPAPI.DLL
0x00007ffadb630000 - 0x00007ffadb638000 	C:\WINDOWS\System32\NSI.dll
0x00007ffad23f0000 - 0x00007ffad2406000 	C:\WINDOWS\SYSTEM32\dhcpcsvc6.DLL
0x00007ffad23d0000 - 0x00007ffad23ea000 	C:\WINDOWS\SYSTEM32\dhcpcsvc.DLL

VM Arguments:
jvm_args: -Xmx1536m -Dfile.encoding=x-windows-949 -Duser.country=KR -Duser.language=ko -Duser.variant 
java_command: org.gradle.launcher.daemon.bootstrap.GradleDaemon 4.1
java_class_path (initial): C:\Users\LUNA\.gradle\wrapper\dists\gradle-4.1-all\bzyivzo6n839fup2jbap0tjew\gradle-4.1\lib\gradle-launcher-4.1.jar
Launcher Type: SUN_STANDARD

Environment Variables:
JAVA_HOME=C:\Program Files\Java\jdk1.8.0_131
CLASSPATH=.;C:\Program Files (x86)\QuickTime\QTSystem\QTJava.zip
PATH=C:\Program Files\Java\jdk1.8.0_131;C:\ProgramData\Oracle\Java\javapath;C:\Program Files (x86)\Intel\iCLS Client\;C:\Program Files\Intel\iCLS Client\;C:\Windows\system32;C:\Windows;C:\Windows\System32\Wbem;C:\Windows\System32\WindowsPowerShell\v1.0\;C:\Program Files (x86)\Intel\Intel(R) Management Engine Components\DAL;C:\Program Files\Intel\Intel(R) Management Engine Components\DAL;C:\Program Files (x86)\Intel\Intel(R) Management Engine Components\IPT;C:\Program Files\Intel\Intel(R) Management Engine Components\IPT;C:\Program Files (x86)\NVIDIA Corporation\PhysX\Common;C:\WINDOWS\system32;C:\WINDOWS;C:\WINDOWS\System32\Wbem;C:\WINDOWS\System32\WindowsPowerShell\v1.0\;C:\Program Files\PuTTY\;C:\Program Files\Java\jre1.8.0_144;C:\Program Files (x86)\Bitvise SSH Client;JAVA_HOME;C:\Program Files\Git\cmd;C:\Program Files (x86)\QuickTime\QTSystem\;C:\Program Files\Java\jdk1.8.0_131\bin;C:\Program Files\Java\jdk1.8.0_131;C:\Users\LUNA\AppData\Local\GitHubDesktop\bin;C:\Program Files\Java\jre1.8.0_144;;%USERPROFILE%\AppData\Local\Microsoft\WindowsApps
USERNAME=LUNA
OS=Windows_NT
PROCESSOR_IDENTIFIER=Intel64 Family 6 Model 94 Stepping 3, GenuineIntel



---------------  S Y S T E M  ---------------

OS: Windows 10.0 , 64 bit Build 16299 (10.0.16299.15)

CPU:total 8 (initial active 8) (4 cores per cpu, 2 threads per core) family 6 model 94 stepping 3, cmov, cx8, fxsr, mmx, sse, sse2, sse3, ssse3, sse4.1, sse4.2, popcnt, avx, avx2, aes, clmul, erms, rtm, 3dnowpref, lzcnt, ht, tsc, tscinvbit, bmi1, bmi2, adx

Memory: 4k page, physical 16635468k(2325464k free), swap 16635468k(5580k free)

vm_info: OpenJDK 64-Bit Server VM (25.152-b01) for windows-amd64 JRE (1.8.0_152-release-915-b01), built by "builder" with MS VC++ 10.0 (VS2010)

time: Fri Dec 15 16:57:14 2017
elapsed time: 243 seconds (0d 0h 4m 3s)

