#
# There is insufficient memory for the Java Runtime Environment to continue.
# Native memory allocation (malloc) failed to allocate 1080416 bytes for Chunk::new
# Possible reasons:
#   The system is out of physical RAM or swap space
#   In 32 bit mode, the process size limit was hit
# Possible solutions:
#   Reduce memory load on the system
#   Increase physical memory or swap space
#   Check if swap backing store is full
#   Use 64 bit Java on a 64 bit OS
#   Decrease Java heap size (-Xmx/-Xms)
#   Decrease number of Java threads
#   Decrease Java thread stack sizes (-Xss)
#   Set larger code cache with -XX:ReservedCodeCacheSize=
# This output file may be truncated or incomplete.
#
#  Out of Memory Error (allocation.cpp:390), pid=31540, tid=0x0000000000007528
#
# JRE version: OpenJDK Runtime Environment (8.0_152-b01) (build 1.8.0_152-release-915-b01)
# Java VM: OpenJDK 64-Bit Server VM (25.152-b01 mixed mode windows-amd64 compressed oops)
# Failed to write core dump. Minidumps are not enabled by default on client versions of Windows
#

---------------  T H R E A D  ---------------

Current thread (0x00000000186ac800):  JavaThread "C2 CompilerThread1" daemon [_thread_in_native, id=29992, stack(0x000000001ad80000,0x000000001ae80000)]

Stack: [0x000000001ad80000,0x000000001ae80000]
[error occurred during error reporting (printing stack bounds), id 0xc0000005]

Native frames: (J=compiled Java code, j=interpreted, Vv=VM code, C=native code)


Current CompileTask:
C2:   7080 5858   !   4       com.sun.beans.TypeResolver::resolve (274 bytes)


---------------  P R O C E S S  ---------------

Java Threads: ( => current thread )
  0x00000000214d3800 JavaThread "Task worker for ':' Thread 7" [_thread_blocked, id=13980, stack(0x0000000026280000,0x0000000026380000)]
  0x00000000214d5000 JavaThread "Task worker for ':' Thread 6" [_thread_blocked, id=30416, stack(0x0000000026180000,0x0000000026280000)]
  0x00000000214d6800 JavaThread "Task worker for ':' Thread 5" [_thread_blocked, id=25696, stack(0x0000000026080000,0x0000000026180000)]
  0x00000000214cf000 JavaThread "Task worker for ':' Thread 4" [_thread_blocked, id=25064, stack(0x0000000025f80000,0x0000000026080000)]
  0x00000000214d3000 JavaThread "Task worker for ':' Thread 3" [_thread_blocked, id=12932, stack(0x0000000025e80000,0x0000000025f80000)]
  0x00000000214d4800 JavaThread "Task worker for ':' Thread 2" [_thread_blocked, id=10528, stack(0x0000000025d80000,0x0000000025e80000)]
  0x000000001a61d800 JavaThread "Task worker for ':'" [_thread_blocked, id=27208, stack(0x0000000025c80000,0x0000000025d80000)]
  0x0000000021e4d800 JavaThread "Cache worker for task history cache (C:\Users\LUNA\AndroidStudioProjects\caramelo2\.gradle\4.1\taskHistory)" [_thread_blocked, id=14464, stack(0x0000000025b80000,0x0000000025c80000)]
  0x0000000021e4c000 JavaThread "Cache worker for file content cache (C:\Users\LUNA\AndroidStudioProjects\caramelo2\.gradle\4.1\fileContent)" [_thread_blocked, id=26796, stack(0x0000000025a80000,0x0000000025b80000)]
  0x0000000021e41800 JavaThread "Memory manager" [_thread_blocked, id=25764, stack(0x0000000024b80000,0x0000000024c80000)]
  0x0000000021e48000 JavaThread "build operations Thread 8" [_thread_blocked, id=1420, stack(0x0000000024880000,0x0000000024980000)]
  0x0000000021e43000 JavaThread "build operations Thread 7" [_thread_blocked, id=14672, stack(0x0000000024780000,0x0000000024880000)]
  0x0000000021e42000 JavaThread "build operations Thread 6" [_thread_blocked, id=10788, stack(0x0000000024680000,0x0000000024780000)]
  0x0000000021e3f000 JavaThread "build operations Thread 5" [_thread_blocked, id=29224, stack(0x0000000024580000,0x0000000024680000)]
  0x0000000021e46000 JavaThread "build operations Thread 4" [_thread_blocked, id=16156, stack(0x0000000024480000,0x0000000024580000)]
  0x0000000021e40800 JavaThread "build operations Thread 3" [_thread_blocked, id=30008, stack(0x0000000024380000,0x0000000024480000)]
  0x0000000021e40000 JavaThread "build operations Thread 2" [_thread_blocked, id=6960, stack(0x0000000024280000,0x0000000024380000)]
  0x0000000021e3e800 JavaThread "build operations" [_thread_blocked, id=23056, stack(0x0000000024180000,0x0000000024280000)]
  0x000000001a61a800 JavaThread "Cache worker for Artifact transforms cache (C:\Users\LUNA\.gradle\caches\transforms-1)" [_thread_blocked, id=29568, stack(0x0000000024080000,0x0000000024180000)]
  0x000000001ce1b800 JavaThread "Cache worker for file hash cache (C:\Users\LUNA\AndroidStudioProjects\caramelo2\.gradle\4.1\fileHashes)" [_thread_blocked, id=16528, stack(0x000000001ec10000,0x000000001ed10000)]
  0x000000001bf94800 JavaThread "File lock request listener" [_thread_in_native, id=12000, stack(0x000000001eb10000,0x000000001ec10000)]
  0x000000001c4ef800 JavaThread "Cache worker for file hash cache (C:\Users\LUNA\.gradle\caches\4.1\fileHashes)" [_thread_blocked, id=31656, stack(0x000000001ea10000,0x000000001eb10000)]
  0x000000001c26c800 JavaThread "Stdin handler" [_thread_blocked, id=29160, stack(0x000000001e610000,0x000000001e710000)]
  0x000000001c848000 JavaThread "Asynchronous log dispatcher for DefaultDaemonConnection: socket connection from /127.0.0.1:64704 to /127.0.0.1:64705" [_thread_blocked, id=28780, stack(0x000000001e510000,0x000000001e610000)]
  0x000000001c2c0000 JavaThread "Daemon worker" [_thread_in_native, id=30824, stack(0x000000001e410000,0x000000001e510000)]
  0x000000001c2bf000 JavaThread "Cancel handler" [_thread_blocked, id=13740, stack(0x000000001e310000,0x000000001e410000)]
  0x000000001c0ea800 JavaThread "Handler for socket connection from /127.0.0.1:64704 to /127.0.0.1:64705" [_thread_in_native, id=7452, stack(0x000000001e010000,0x000000001e110000)]
  0x000000001c0e9800 JavaThread "Daemon" [_thread_blocked, id=18744, stack(0x000000001df10000,0x000000001e010000)]
  0x000000001c4af000 JavaThread "Daemon periodic checks" [_thread_blocked, id=27516, stack(0x000000001de10000,0x000000001df10000)]
  0x000000001c74e800 JavaThread "Incoming local TCP Connector on port 64704" [_thread_in_native, id=17516, stack(0x000000001ca50000,0x000000001cb50000)]
  0x000000001a6ab800 JavaThread "Service Thread" daemon [_thread_blocked, id=31508, stack(0x000000001b080000,0x000000001b180000)]
  0x000000001a61e000 JavaThread "C1 CompilerThread3" daemon [_thread_blocked, id=19532, stack(0x000000001af80000,0x000000001b080000)]
  0x000000001a613000 JavaThread "C2 CompilerThread2" daemon [_thread_in_native, id=29532, stack(0x000000001ae80000,0x000000001af80000)]
=>0x00000000186ac800 JavaThread "C2 CompilerThread1" daemon [_thread_in_native, id=29992, stack(0x000000001ad80000,0x000000001ae80000)]
  0x00000000186a9000 JavaThread "C2 CompilerThread0" daemon [_thread_in_native, id=24548, stack(0x000000001ac80000,0x000000001ad80000)]
  0x000000001a5c1000 JavaThread "Attach Listener" daemon [_thread_blocked, id=19916, stack(0x000000001ab80000,0x000000001ac80000)]
  0x000000001a610800 JavaThread "Signal Dispatcher" daemon [_thread_blocked, id=2300, stack(0x000000001aa80000,0x000000001ab80000)]
  0x000000001a5a0800 JavaThread "Finalizer" daemon [_thread_blocked, id=3292, stack(0x000000001a980000,0x000000001aa80000)]
  0x000000001869a800 JavaThread "Reference Handler" daemon [_thread_blocked, id=18548, stack(0x000000001a480000,0x000000001a580000)]
  0x00000000047e2800 JavaThread "main" [_thread_blocked, id=4736, stack(0x00000000046a0000,0x00000000047a0000)]

Other Threads:
  0x0000000018695800 VMThread [stack: 0x000000001a380000,0x000000001a480000] [id=23836]
  0x000000001a62b800 WatcherThread [stack: 0x000000001b180000,0x000000001b280000] [id=24308]

VM state:not questionedAt safepoint (normal execution)

VM Mutex/Monitor currently owned by a thread: None

Heap:
 PSYoungGen      total 176128K, used 105228K [0x00000000e0000000, 0x00000000efa00000, 0x0000000100000000)
  eden space 163840K, 56% used [0x00000000e0000000,0x00000000e5acaae0,0x00000000ea000000)
  from space 12288K, 99% used [0x00000000ea000000,0x00000000eabf8800,0x00000000eac00000)
  to   space 15872K, 0% used [0x00000000eea80000,0x00000000eea80000,0x00000000efa00000)
 ParOldGen       total 159232K, used 19466K [0x00000000a0000000, 0x00000000a9b80000, 0x00000000e0000000)
  object space 159232K, 12% used [0x00000000a0000000,0x00000000a1302ad0,0x00000000a9b80000)
 Metaspace       used 52340K, capacity 54054K, committed 54104K, reserved 1095680K
  class space    used 7118K, capacity 7544K, committed 7552K, reserved 1048576K

Card table byte_map: [0x0000000013ca0000,0x0000000013fb0000] byte_map_base: 0x00000000137a0000

Marking Bits: (ParMarkBitMap*) 0x000000006f713950
 Begin Bits: [0x00000000149b0000, 0x00000000161b0000)
 End Bits:   [0x00000000161b0000, 0x00000000179b0000)

Polling page: 0x00000000001f0000

CodeCache: size=245760Kb used=19245Kb max_used=19245Kb free=226514Kb
 bounds [0x00000000048e0000, 0x0000000005bd0000, 0x00000000138e0000]
 total_blobs=6328 nmethods=5571 adapters=669
 compilation: enabled

Compilation events (10 events):
Event: 7.075 Thread 0x000000001a61e000 6079       3       java.io.ExpiringCache$1::removeEldestEntry (20 bytes)
Event: 7.075 Thread 0x000000001a61e000 nmethod 6079 0x0000000005339f50 code [0x000000000533a0c0, 0x000000000533a310]
Event: 7.077 Thread 0x000000001a61e000 6080       1       org.gradle.api.internal.artifacts.repositories.resolver.ExternalResourceResolver::getName (5 bytes)
Event: 7.078 Thread 0x000000001a61e000 nmethod 6080 0x0000000005339c90 code [0x0000000005339de0, 0x0000000005339ef0]
Event: 7.078 Thread 0x000000001a61e000 6081       3       java.util.concurrent.ConcurrentHashMap::tableSizeFor (59 bytes)
Event: 7.078 Thread 0x000000001a61e000 nmethod 6081 0x0000000004e8d5d0 code [0x0000000004e8d740, 0x0000000004e8d950]
Event: 7.078 Thread 0x000000001a61e000 6082       3       org.gradle.internal.id.LongIdGenerator::generateId (5 bytes)
Event: 7.078 Thread 0x000000001a61e000 nmethod 6082 0x0000000004e8d050 code [0x0000000004e8d1c0, 0x0000000004e8d4a8]
Event: 7.078 Thread 0x000000001a61e000 6083       3       org.gradle.internal.id.LongIdGenerator::generateId (11 bytes)
Event: 7.078 Thread 0x000000001a61e000 nmethod 6083 0x0000000004e8cb50 code [0x0000000004e8ccc0, 0x0000000004e8cf48]

GC Heap History (10 events):
Event: 3.296 GC heap before
{Heap before GC invocations=5 (full 1):
 PSYoungGen      total 75776K, used 65024K [0x00000000e0000000, 0x00000000e9400000, 0x0000000100000000)
  eden space 65024K, 100% used [0x00000000e0000000,0x00000000e3f80000,0x00000000e3f80000)
  from space 10752K, 0% used [0x00000000e3f80000,0x00000000e3f80000,0x00000000e4a00000)
  to   space 10752K, 0% used [0x00000000e8980000,0x00000000e8980000,0x00000000e9400000)
 ParOldGen       total 97280K, used 6610K [0x00000000a0000000, 0x00000000a5f00000, 0x00000000e0000000)
  object space 97280K, 6% used [0x00000000a0000000,0x00000000a0674be8,0x00000000a5f00000)
 Metaspace       used 25706K, capacity 26342K, committed 26496K, reserved 1073152K
  class space    used 3500K, capacity 3702K, committed 3712K, reserved 1048576K
Event: 3.302 GC heap after
Heap after GC invocations=5 (full 1):
 PSYoungGen      total 112128K, used 7259K [0x00000000e0000000, 0x00000000e9100000, 0x0000000100000000)
  eden space 104448K, 0% used [0x00000000e0000000,0x00000000e0000000,0x00000000e6600000)
  from space 7680K, 94% used [0x00000000e8980000,0x00000000e9096c80,0x00000000e9100000)
  to   space 10752K, 0% used [0x00000000e7c00000,0x00000000e7c00000,0x00000000e8680000)
 ParOldGen       total 97280K, used 6618K [0x00000000a0000000, 0x00000000a5f00000, 0x00000000e0000000)
  object space 97280K, 6% used [0x00000000a0000000,0x00000000a0676be8,0x00000000a5f00000)
 Metaspace       used 25706K, capacity 26342K, committed 26496K, reserved 1073152K
  class space    used 3500K, capacity 3702K, committed 3712K, reserved 1048576K
}
Event: 4.346 GC heap before
{Heap before GC invocations=6 (full 1):
 PSYoungGen      total 112128K, used 111707K [0x00000000e0000000, 0x00000000e9100000, 0x0000000100000000)
  eden space 104448K, 100% used [0x00000000e0000000,0x00000000e6600000,0x00000000e6600000)
  from space 7680K, 94% used [0x00000000e8980000,0x00000000e9096c80,0x00000000e9100000)
  to   space 10752K, 0% used [0x00000000e7c00000,0x00000000e7c00000,0x00000000e8680000)
 ParOldGen       total 97280K, used 6618K [0x00000000a0000000, 0x00000000a5f00000, 0x00000000e0000000)
  object space 97280K, 6% used [0x00000000a0000000,0x00000000a0676be8,0x00000000a5f00000)
 Metaspace       used 30986K, capacity 31630K, committed 31872K, reserved 1077248K
  class space    used 4217K, capacity 4396K, committed 4480K, reserved 1048576K
Event: 4.354 GC heap after
Heap after GC invocations=6 (full 1):
 PSYoungGen      total 137728K, used 9244K [0x00000000e0000000, 0x00000000eb880000, 0x0000000100000000)
  eden space 126976K, 0% used [0x00000000e0000000,0x00000000e0000000,0x00000000e7c00000)
  from space 10752K, 85% used [0x00000000e7c00000,0x00000000e8507388,0x00000000e8680000)
  to   space 12800K, 0% used [0x00000000eac00000,0x00000000eac00000,0x00000000eb880000)
 ParOldGen       total 97280K, used 6690K [0x00000000a0000000, 0x00000000a5f00000, 0x00000000e0000000)
  object space 97280K, 6% used [0x00000000a0000000,0x00000000a0688bf8,0x00000000a5f00000)
 Metaspace       used 30986K, capacity 31630K, committed 31872K, reserved 1077248K
  class space    used 4217K, capacity 4396K, committed 4480K, reserved 1048576K
}
Event: 4.692 GC heap before
{Heap before GC invocations=7 (full 1):
 PSYoungGen      total 137728K, used 33899K [0x00000000e0000000, 0x00000000eb880000, 0x0000000100000000)
  eden space 126976K, 19% used [0x00000000e0000000,0x00000000e1813990,0x00000000e7c00000)
  from space 10752K, 85% used [0x00000000e7c00000,0x00000000e8507388,0x00000000e8680000)
  to   space 12800K, 0% used [0x00000000eac00000,0x00000000eac00000,0x00000000eb880000)
 ParOldGen       total 97280K, used 6690K [0x00000000a0000000, 0x00000000a5f00000, 0x00000000e0000000)
  object space 97280K, 6% used [0x00000000a0000000,0x00000000a0688bf8,0x00000000a5f00000)
 Metaspace       used 34399K, capacity 35166K, committed 35416K, reserved 1079296K
  class space    used 4677K, capacity 4925K, committed 4992K, reserved 1048576K
Event: 4.698 GC heap after
Heap after GC invocations=7 (full 1):
 PSYoungGen      total 176640K, used 9251K [0x00000000e0000000, 0x00000000eda80000, 0x0000000100000000)
  eden space 163840K, 0% used [0x00000000e0000000,0x00000000e0000000,0x00000000ea000000)
  from space 12800K, 72% used [0x00000000eac00000,0x00000000eb508d80,0x00000000eb880000)
  to   space 12288K, 0% used [0x00000000ea000000,0x00000000ea000000,0x00000000eac00000)
 ParOldGen       total 97280K, used 6698K [0x00000000a0000000, 0x00000000a5f00000, 0x00000000e0000000)
  object space 97280K, 6% used [0x00000000a0000000,0x00000000a068abf8,0x00000000a5f00000)
 Metaspace       used 34399K, capacity 35166K, committed 35416K, reserved 1079296K
  class space    used 4677K, capacity 4925K, committed 4992K, reserved 1048576K
}
Event: 4.698 GC heap before
{Heap before GC invocations=8 (full 2):
 PSYoungGen      total 176640K, used 9251K [0x00000000e0000000, 0x00000000eda80000, 0x0000000100000000)
  eden space 163840K, 0% used [0x00000000e0000000,0x00000000e0000000,0x00000000ea000000)
  from space 12800K, 72% used [0x00000000eac00000,0x00000000eb508d80,0x00000000eb880000)
  to   space 12288K, 0% used [0x00000000ea000000,0x00000000ea000000,0x00000000eac00000)
 ParOldGen       total 97280K, used 6698K [0x00000000a0000000, 0x00000000a5f00000, 0x00000000e0000000)
  object space 97280K, 6% used [0x00000000a0000000,0x00000000a068abf8,0x00000000a5f00000)
 Metaspace       used 34399K, capacity 35166K, committed 35416K, reserved 1079296K
  class space    used 4677K, capacity 4925K, committed 4992K, reserved 1048576K
Event: 4.770 GC heap after
Heap after GC invocations=8 (full 2):
 PSYoungGen      total 176640K, used 0K [0x00000000e0000000, 0x00000000eda80000, 0x0000000100000000)
  eden space 163840K, 0% used [0x00000000e0000000,0x00000000e0000000,0x00000000ea000000)
  from space 12800K, 0% used [0x00000000eac00000,0x00000000eac00000,0x00000000eb880000)
  to   space 12288K, 0% used [0x00000000ea000000,0x00000000ea000000,0x00000000eac00000)
 ParOldGen       total 159232K, used 15474K [0x00000000a0000000, 0x00000000a9b80000, 0x00000000e0000000)
  object space 159232K, 9% used [0x00000000a0000000,0x00000000a0f1c918,0x00000000a9b80000)
 Metaspace       used 34399K, capacity 35166K, committed 35416K, reserved 1079296K
  class space    used 4677K, capacity 4925K, committed 4992K, reserved 1048576K
}
Event: 6.222 GC heap before
{Heap before GC invocations=9 (full 2):
 PSYoungGen      total 176640K, used 163840K [0x00000000e0000000, 0x00000000eda80000, 0x0000000100000000)
  eden space 163840K, 100% used [0x00000000e0000000,0x00000000ea000000,0x00000000ea000000)
  from space 12800K, 0% used [0x00000000eac00000,0x00000000eac00000,0x00000000eb880000)
  to   space 12288K, 0% used [0x00000000ea000000,0x00000000ea000000,0x00000000eac00000)
 ParOldGen       total 159232K, used 15474K [0x00000000a0000000, 0x00000000a9b80000, 0x00000000e0000000)
  object space 159232K, 9% used [0x00000000a0000000,0x00000000a0f1c918,0x00000000a9b80000)
 Metaspace       used 46131K, capacity 47174K, committed 47448K, reserved 1089536K
  class space    used 6169K, capacity 6510K, committed 6528K, reserved 1048576K
Event: 6.232 GC heap after
Heap after GC invocations=9 (full 2):
 PSYoungGen      total 176128K, used 12258K [0x00000000e0000000, 0x00000000efa00000, 0x0000000100000000)
  eden space 163840K, 0% used [0x00000000e0000000,0x00000000e0000000,0x00000000ea000000)
  from space 12288K, 99% used [0x00000000ea000000,0x00000000eabf8800,0x00000000eac00000)
  to   space 15872K, 0% used [0x00000000eea80000,0x00000000eea80000,0x00000000efa00000)
 ParOldGen       total 159232K, used 19466K [0x00000000a0000000, 0x00000000a9b80000, 0x00000000e0000000)
  object space 159232K, 12% used [0x00000000a0000000,0x00000000a1302ad0,0x00000000a9b80000)
 Metaspace       used 46131K, capacity 47174K, committed 47448K, reserved 1089536K
  class space    used 6169K, capacity 6510K, committed 6528K, reserved 1048576K
}

Deoptimization events (10 events):
Event: 7.020 Thread 0x00000000214d3000 Uncommon trap: reason=class_check action=maybe_recompile pc=0x0000000005499e40 method=com.sun.org.apache.xerces.internal.impl.XMLDocumentFragmentScannerImpl.scanStartElement()Z @ 378
Event: 7.020 Thread 0x00000000214d3000 Uncommon trap: reason=class_check action=maybe_recompile pc=0x0000000005499e40 method=com.sun.org.apache.xerces.internal.impl.XMLDocumentFragmentScannerImpl.scanStartElement()Z @ 378
Event: 7.021 Thread 0x00000000214d3000 Uncommon trap: reason=unstable_if action=reinterpret pc=0x0000000005370b54 method=com.sun.org.apache.xerces.internal.dom.NamedNodeMapImpl.findNamePoint(Ljava/lang/String;I)I @ 69
Event: 7.021 Thread 0x00000000214d3000 Uncommon trap: reason=unstable_if action=reinterpret pc=0x00000000053dad6c method=com.sun.org.apache.xerces.internal.dom.DeferredDocumentImpl.getPrevSibling(IZ)I @ 2
Event: 7.021 Thread 0x00000000214d3000 Uncommon trap: reason=unstable_if action=reinterpret pc=0x00000000053895ac method=com.sun.org.apache.xerces.internal.dom.DeferredDocumentImpl.getPrevSibling(IZ)I @ 2
Event: 7.045 Thread 0x0000000021e4d800 Uncommon trap: reason=unstable_if action=reinterpret pc=0x00000000058b2260 method=java.util.regex.Pattern$Curly.match0(Ljava/util/regex/Matcher;IILjava/lang/CharSequence;)Z @ 5
Event: 7.069 Thread 0x000000001c2c0000 Uncommon trap: reason=class_check action=maybe_recompile pc=0x0000000004c537ec method=com.google.common.collect.ImmutableList$1.get(I)Ljava/lang/Object; @ 5
Event: 7.069 Thread 0x000000001c2c0000 Uncommon trap: reason=class_check action=maybe_recompile pc=0x0000000004c537ec method=com.google.common.collect.ImmutableList$1.get(I)Ljava/lang/Object; @ 5
Event: 7.073 Thread 0x000000001c2c0000 Uncommon trap: reason=bimorphic action=maybe_recompile pc=0x0000000005a5ad20 method=com.google.common.collect.NaturalOrdering.compare(Ljava/lang/Comparable;Ljava/lang/Comparable;)I @ 12
Event: 7.074 Thread 0x000000001c2c0000 Uncommon trap: reason=bimorphic action=maybe_recompile pc=0x0000000005a5ad20 method=com.google.common.collect.NaturalOrdering.compare(Ljava/lang/Comparable;Ljava/lang/Comparable;)I @ 12

Classes redefined (0 events):
No events

Internal exceptions (10 events):
Event: 6.906 Thread 0x000000001c2c0000 Exception <a 'java/lang/ClassNotFoundException': org/gradle/model/internal/core/ModelMapGroovyViewBeanInfo> (0x00000000e4a8d148) thrown questionedAt [D:\src\AOSP-openjdk-cygwin\jdk8u\hotspot\src\share\vm\classfile\systemDictionary.cpp, line 210]
Event: 6.906 Thread 0x000000001c2c0000 Exception <a 'java/lang/ClassNotFoundException': org/gradle/model/internal/core/ModelMapGroovyViewCustomizer> (0x00000000e4aa0260) thrown questionedAt [D:\src\AOSP-openjdk-cygwin\jdk8u\hotspot\src\share\vm\classfile\systemDictionary.cpp, line 210]
Event: 6.907 Thread 0x000000001c2c0000 Exception <a 'java/lang/ClassNotFoundException': org/gradle/model/internal/core/NodeBackedModelMapCustomizer> (0x00000000e4ac6858) thrown questionedAt [D:\src\AOSP-openjdk-cygwin\jdk8u\hotspot\src\share\vm\classfile\systemDictionary.cpp, line 210]
Event: 6.908 Thread 0x000000001c2c0000 Exception <a 'java/lang/ClassNotFoundException': org/gradle/platform/base/BinaryContainer_ImplCustomizer> (0x00000000e4b26b10) thrown questionedAt [D:\src\AOSP-openjdk-cygwin\jdk8u\hotspot\src\share\vm\classfile\systemDictionary.cpp, line 210]
Event: 7.005 Thread 0x00000000214d3000 Exception <a 'java/lang/NoSuchMethodError': <clinit>> (0x00000000e53f82e0) thrown questionedAt [D:\src\AOSP-openjdk-cygwin\jdk8u\hotspot\src\share\vm\prims\jni.cpp, line 1613]
Event: 7.005 Thread 0x00000000214d3000 Exception <a 'java/lang/NoSuchMethodError': <clinit>> (0x00000000e5403560) thrown questionedAt [D:\src\AOSP-openjdk-cygwin\jdk8u\hotspot\src\share\vm\prims\jni.cpp, line 1613]
Event: 7.020 Thread 0x00000000214d3000 Implicit null exception questionedAt 0x000000000549da37 to 0x000000000549e201
Event: 7.038 Thread 0x00000000214d3000 Exception <a 'java/lang/NoSuchMethodError': <clinit>> (0x00000000e57b1460) thrown questionedAt [D:\src\AOSP-openjdk-cygwin\jdk8u\hotspot\src\share\vm\prims\jni.cpp, line 1613]
Event: 7.038 Thread 0x00000000214d3000 Exception <a 'java/lang/NoSuchMethodError': <clinit>> (0x00000000e57c4268) thrown questionedAt [D:\src\AOSP-openjdk-cygwin\jdk8u\hotspot\src\share\vm\prims\jni.cpp, line 1613]
Event: 7.038 Thread 0x00000000214d3000 Exception <a 'java/lang/NoSuchMethodError': <clinit>> (0x00000000e57c5b18) thrown questionedAt [D:\src\AOSP-openjdk-cygwin\jdk8u\hotspot\src\share\vm\prims\jni.cpp, line 1613]

Events (10 events):
Event: 7.073 loading class org/gradle/api/internal/changedetection/rules/InputFilesTaskStateChanges
Event: 7.073 loading class org/gradle/api/internal/changedetection/rules/InputFilesTaskStateChanges done
Event: 7.073 Thread 0x000000001c2c0000 Uncommon trap: trap_request=0xffffffc6 fr.pc=0x0000000005a5ad20
Event: 7.074 Thread 0x000000001c2c0000 DEOPT PACKING pc=0x0000000005a5ad20 sp=0x000000001e50ba00
Event: 7.074 Thread 0x000000001c2c0000 DEOPT UNPACKING pc=0x000000000492556a sp=0x000000001e50b920 mode 2
Event: 7.074 Thread 0x000000001c2c0000 Uncommon trap: trap_request=0xffffffc6 fr.pc=0x0000000005a5ad20
Event: 7.074 Thread 0x000000001c2c0000 DEOPT PACKING pc=0x0000000005a5ad20 sp=0x000000001e50bc10
Event: 7.074 Thread 0x000000001c2c0000 DEOPT UNPACKING pc=0x000000000492556a sp=0x000000001e50bb30 mode 2
Event: 7.078 loading class org/gradle/api/internal/artifacts/ivyservice/modulecache/ModuleComponentAtRepositoryKey
Event: 7.078 loading class org/gradle/api/internal/artifacts/ivyservice/modulecache/ModuleComponentAtRepositoryKey done


Dynamic libraries:
0x00007ff6d3c90000 - 0x00007ff6d3cc1000 	C:\Program Files\Android\Android Studio\jre\bin\java.exe
0x00007ffadba40000 - 0x00007ffadbc20000 	C:\WINDOWS\SYSTEM32\ntdll.dll
0x00007ffad90d0000 - 0x00007ffad917e000 	C:\WINDOWS\System32\KERNEL32.DLL
0x00007ffad8c80000 - 0x00007ffad8ee6000 	C:\WINDOWS\System32\KERNELBASE.dll
0x00007ffad9020000 - 0x00007ffad90c1000 	C:\WINDOWS\System32\ADVAPI32.dll
0x00007ffad9af0000 - 0x00007ffad9b8d000 	C:\WINDOWS\System32\msvcrt.dll
0x00007ffad94f0000 - 0x00007ffad954b000 	C:\WINDOWS\System32\sechost.dll
0x00007ffadb210000 - 0x00007ffadb32f000 	C:\WINDOWS\System32\RPCRT4.dll
0x00007ffad9180000 - 0x00007ffad930f000 	C:\WINDOWS\System32\USER32.dll
0x00007ffad8ef0000 - 0x00007ffad8f10000 	C:\WINDOWS\System32\win32u.dll
0x00007ffadb550000 - 0x00007ffadb578000 	C:\WINDOWS\System32\GDI32.dll
0x00007ffad8ae0000 - 0x00007ffad8c74000 	C:\WINDOWS\System32\gdi32full.dll
0x00007ffad8140000 - 0x00007ffad81db000 	C:\WINDOWS\System32\msvcp_win.dll
0x00007ffad8990000 - 0x00007ffad8a86000 	C:\WINDOWS\System32\ucrtbase.dll
0x00007ffacc970000 - 0x00007ffaccbd9000 	C:\WINDOWS\WinSxS\amd64_microsoft.windows.common-controls_6595b64144ccf1df_6.0.16299.64_none_cc9304e22215ca8f\COMCTL32.dll
0x00007ffadb700000 - 0x00007ffadba08000 	C:\WINDOWS\System32\combase.dll
0x00007ffad8010000 - 0x00007ffad8082000 	C:\WINDOWS\System32\bcryptPrimitives.dll
0x00007ffadb6a0000 - 0x00007ffadb6cd000 	C:\WINDOWS\System32\IMM32.DLL
0x000000006eda0000 - 0x000000006ee72000 	C:\Program Files\Android\Android Studio\jre\jre\bin\msvcr100.dll
0x000000006ef50000 - 0x000000006f78e000 	C:\Program Files\Android\Android Studio\jre\jre\bin\server\jvm.dll
0x00007ffadb6d0000 - 0x00007ffadb6d8000 	C:\WINDOWS\System32\PSAPI.DLL
0x00007ffad6a30000 - 0x00007ffad6a39000 	C:\WINDOWS\SYSTEM32\WSOCK32.dll
0x00007ffad3590000 - 0x00007ffad35b3000 	C:\WINDOWS\SYSTEM32\WINMM.dll
0x00007ffad8f10000 - 0x00007ffad8f7c000 	C:\WINDOWS\System32\WS2_32.dll
0x00007ffad0bd0000 - 0x00007ffad0bda000 	C:\WINDOWS\SYSTEM32\VERSION.dll
0x00007ffad3530000 - 0x00007ffad355a000 	C:\WINDOWS\SYSTEM32\winmmbase.dll
0x00007ffad8a90000 - 0x00007ffad8ada000 	C:\WINDOWS\System32\cfgmgr32.dll
0x00007ffad3c20000 - 0x00007ffad3c2f000 	C:\Program Files\Android\Android Studio\jre\jre\bin\verify.dll
0x00007ffacbfb0000 - 0x00007ffacbfd9000 	C:\Program Files\Android\Android Studio\jre\jre\bin\java.dll
0x00007ffacbed0000 - 0x00007ffacbee6000 	C:\Program Files\Android\Android Studio\jre\jre\bin\zip.dll
0x00007ffad9ba0000 - 0x00007ffadafd7000 	C:\WINDOWS\System32\SHELL32.dll
0x00007ffadb580000 - 0x00007ffadb626000 	C:\WINDOWS\System32\shcore.dll
0x00007ffad8240000 - 0x00007ffad8987000 	C:\WINDOWS\System32\windows.storage.dll
0x00007ffadb040000 - 0x00007ffadb091000 	C:\WINDOWS\System32\shlwapi.dll
0x00007ffad7db0000 - 0x00007ffad7dc1000 	C:\WINDOWS\System32\kernel.appcore.dll
0x00007ffad7df0000 - 0x00007ffad7e3c000 	C:\WINDOWS\System32\powrprof.dll
0x00007ffad7d90000 - 0x00007ffad7dab000 	C:\WINDOWS\System32\profapi.dll
0x00007ffacbdb0000 - 0x00007ffacbdca000 	C:\Program Files\Android\Android Studio\jre\jre\bin\net.dll
0x00007ffad7620000 - 0x00007ffad7686000 	C:\WINDOWS\system32\mswsock.dll
0x00007ffacbd90000 - 0x00007ffacbda1000 	C:\Program Files\Android\Android Studio\jre\jre\bin\nio.dll
0x00007ffac2b50000 - 0x00007ffac2b6e000 	C:\Users\LUNA\.gradle\native\25\windows-amd64\native-platform.dll
0x00007ffad3be0000 - 0x00007ffad3bed000 	C:\Program Files\Android\Android Studio\jre\jre\bin\management.dll
0x00007ffad77e0000 - 0x00007ffad77f7000 	C:\WINDOWS\SYSTEM32\CRYPTSP.dll
0x00007ffad7230000 - 0x00007ffad7263000 	C:\WINDOWS\system32\rsaenh.dll
0x00007ffad78f0000 - 0x00007ffad7915000 	C:\WINDOWS\SYSTEM32\bcrypt.dll
0x00007ffad7cc0000 - 0x00007ffad7ce9000 	C:\WINDOWS\SYSTEM32\USERENV.dll
0x00007ffad7800000 - 0x00007ffad780b000 	C:\WINDOWS\SYSTEM32\CRYPTBASE.dll
0x00007ffad73b0000 - 0x00007ffad73e9000 	C:\WINDOWS\SYSTEM32\IPHLPAPI.DLL
0x00007ffadb630000 - 0x00007ffadb638000 	C:\WINDOWS\System32\NSI.dll
0x00007ffad23f0000 - 0x00007ffad2406000 	C:\WINDOWS\SYSTEM32\dhcpcsvc6.DLL
0x00007ffad23d0000 - 0x00007ffad23ea000 	C:\WINDOWS\SYSTEM32\dhcpcsvc.DLL

VM Arguments:
jvm_args: -Xmx1536m -Dfile.encoding=x-windows-949 -Duser.country=KR -Duser.language=ko -Duser.variant 
java_command: org.gradle.launcher.daemon.bootstrap.GradleDaemon 4.1
java_class_path (initial): C:\Users\LUNA\.gradle\wrapper\dists\gradle-4.1-all\bzyivzo6n839fup2jbap0tjew\gradle-4.1\lib\gradle-launcher-4.1.jar
Launcher Type: SUN_STANDARD

Environment Variables:
JAVA_HOME=C:\Program Files\Java\jdk1.8.0_131
CLASSPATH=.;C:\Program Files (x86)\QuickTime\QTSystem\QTJava.zip
PATH=C:\Program Files\Java\jdk1.8.0_131;C:\ProgramData\Oracle\Java\javapath;C:\Program Files (x86)\Intel\iCLS Client\;C:\Program Files\Intel\iCLS Client\;C:\Windows\system32;C:\Windows;C:\Windows\System32\Wbem;C:\Windows\System32\WindowsPowerShell\v1.0\;C:\Program Files (x86)\Intel\Intel(R) Management Engine Components\DAL;C:\Program Files\Intel\Intel(R) Management Engine Components\DAL;C:\Program Files (x86)\Intel\Intel(R) Management Engine Components\IPT;C:\Program Files\Intel\Intel(R) Management Engine Components\IPT;C:\Program Files (x86)\NVIDIA Corporation\PhysX\Common;C:\WINDOWS\system32;C:\WINDOWS;C:\WINDOWS\System32\Wbem;C:\WINDOWS\System32\WindowsPowerShell\v1.0\;C:\Program Files\PuTTY\;C:\Program Files\Java\jre1.8.0_144;C:\Program Files (x86)\Bitvise SSH Client;JAVA_HOME;C:\Program Files\Git\cmd;C:\Program Files (x86)\QuickTime\QTSystem\;C:\Program Files\Java\jdk1.8.0_131\bin;C:\Program Files\Java\jdk1.8.0_131;C:\Users\LUNA\AppData\Local\GitHubDesktop\bin;C:\Program Files\Java\jre1.8.0_144;;%USERPROFILE%\AppData\Local\Microsoft\WindowsApps
USERNAME=LUNA
OS=Windows_NT
PROCESSOR_IDENTIFIER=Intel64 Family 6 Model 94 Stepping 3, GenuineIntel



---------------  S Y S T E M  ---------------

OS: Windows 10.0 , 64 bit Build 16299 (10.0.16299.15)

CPU:total 8 (initial active 8) (4 cores per cpu, 2 threads per core) family 6 model 94 stepping 3, cmov, cx8, fxsr, mmx, sse, sse2, sse3, ssse3, sse4.1, sse4.2, popcnt, avx, avx2, aes, clmul, erms, rtm, 3dnowpref, lzcnt, ht, tsc, tscinvbit, bmi1, bmi2, adx

Memory: 4k page, physical 16635468k(2285720k free), swap 16635468k(4784k free)

vm_info: OpenJDK 64-Bit Server VM (25.152-b01) for windows-amd64 JRE (1.8.0_152-release-915-b01), built by "builder" with MS VC++ 10.0 (VS2010)

time: Fri Dec 15 16:32:18 2017
elapsed time: 7 seconds (0d 0h 0m 7s)

