#
# There is insufficient memory for the Java Runtime Environment to continue.
# Native memory allocation (malloc) failed to allocate 390096 bytes for Chunk::new
# Possible reasons:
#   The system is out of physical RAM or swap space
#   In 32 bit mode, the process size limit was hit
# Possible solutions:
#   Reduce memory load on the system
#   Increase physical memory or swap space
#   Check if swap backing store is full
#   Use 64 bit Java on a 64 bit OS
#   Decrease Java heap size (-Xmx/-Xms)
#   Decrease number of Java threads
#   Decrease Java thread stack sizes (-Xss)
#   Set larger code cache with -XX:ReservedCodeCacheSize=
# This output file may be truncated or incomplete.
#
#  Out of Memory Error (allocation.cpp:390), pid=13196, tid=0x0000000000002c64
#
# JRE version: OpenJDK Runtime Environment (8.0_152-b01) (build 1.8.0_152-release-915-b01)
# Java VM: OpenJDK 64-Bit Server VM (25.152-b01 mixed mode windows-amd64 compressed oops)
# Failed to write core dump. Minidumps are not enabled by default on client versions of Windows
#

---------------  T H R E A D  ---------------

Current thread (0x000000001a945800):  JavaThread "C2 CompilerThread2" daemon [_thread_in_native, id=11364, stack(0x000000001b250000,0x000000001b350000)]

Stack: [0x000000001b250000,0x000000001b350000]
[error occurred during error reporting (printing stack bounds), id 0xc0000005]

Native frames: (J=compiled Java code, j=interpreted, Vv=VM code, C=native code)


Current CompileTask:
C2:  31028 8402       4       java.util.zip.ZipFile$ZipFileInflaterInputStream::finalize (5 bytes)


---------------  P R O C E S S  ---------------

Java Threads: ( => current thread )
  0x000000001d00b000 JavaThread "Cache worker for Java compile cache (C:\Users\LUNA\AndroidStudioProjects\caramelo2\.gradle\4.1\javaCompile)" [_thread_blocked, id=20448, stack(0x00000000293f0000,0x00000000294f0000)]
  0x000000001f8c1800 JavaThread "Task worker for ':' Thread 7" [_thread_in_vm, id=28180, stack(0x0000000026590000,0x0000000026690000)]
  0x000000001f8c0000 JavaThread "Task worker for ':' Thread 6" [_thread_blocked, id=25608, stack(0x0000000026490000,0x0000000026590000)]
  0x000000001f8c3000 JavaThread "Task worker for ':' Thread 5" [_thread_blocked, id=28556, stack(0x0000000026390000,0x0000000026490000)]
  0x000000001f8c1000 JavaThread "Task worker for ':' Thread 4" [_thread_blocked, id=27584, stack(0x0000000026290000,0x0000000026390000)]
  0x000000001f8b7000 JavaThread "Task worker for ':' Thread 3" [_thread_blocked, id=29020, stack(0x0000000026190000,0x0000000026290000)]
  0x000000001f8be000 JavaThread "Task worker for ':' Thread 2" [_thread_blocked, id=30884, stack(0x0000000026090000,0x0000000026190000)]
  0x000000001f8b6800 JavaThread "Task worker for ':'" [_thread_blocked, id=13864, stack(0x0000000025f90000,0x0000000026090000)]
  0x000000001f8bd000 JavaThread "Cache worker for task history cache (C:\Users\LUNA\AndroidStudioProjects\caramelo2\.gradle\4.1\taskHistory)" [_thread_blocked, id=7688, stack(0x0000000025e90000,0x0000000025f90000)]
  0x000000001f8bb800 JavaThread "Cache worker for file content cache (C:\Users\LUNA\AndroidStudioProjects\caramelo2\.gradle\4.1\fileContent)" [_thread_blocked, id=13824, stack(0x0000000025b70000,0x0000000025c70000)]
  0x000000001f8b8000 JavaThread "Memory manager" [_thread_blocked, id=16244, stack(0x0000000024e70000,0x0000000024f70000)]
  0x000000001f8b8800 JavaThread "build operations Thread 8" [_thread_blocked, id=2800, stack(0x0000000024970000,0x0000000024a70000)]
  0x000000001f8b9800 JavaThread "build operations Thread 7" [_thread_blocked, id=15760, stack(0x0000000024870000,0x0000000024970000)]
  0x000000001de8c800 JavaThread "build operations Thread 6" [_thread_blocked, id=28416, stack(0x0000000024770000,0x0000000024870000)]
  0x000000001de8b800 JavaThread "build operations Thread 5" [_thread_blocked, id=26076, stack(0x0000000024670000,0x0000000024770000)]
  0x000000001de92800 JavaThread "build operations Thread 4" [_thread_blocked, id=30292, stack(0x00000000242d0000,0x00000000243d0000)]
  0x000000001de8f800 JavaThread "build operations Thread 3" [_thread_blocked, id=16460, stack(0x0000000022f30000,0x0000000023030000)]
  0x000000001de90000 JavaThread "build operations Thread 2" [_thread_blocked, id=16640, stack(0x0000000022e30000,0x0000000022f30000)]
  0x000000001de91800 JavaThread "build operations" [_thread_blocked, id=17160, stack(0x0000000022a40000,0x0000000022b40000)]
  0x000000001de8e000 JavaThread "Cache worker for Artifact transforms cache (C:\Users\LUNA\.gradle\caches\transforms-1)" [_thread_blocked, id=27268, stack(0x0000000021690000,0x0000000021790000)]
  0x000000001d81f800 JavaThread "Cache worker for file hash cache (C:\Users\LUNA\AndroidStudioProjects\caramelo2\.gradle\4.1\fileHashes)" [_thread_blocked, id=26844, stack(0x000000001ffc0000,0x00000000200c0000)]
  0x000000001cfab800 JavaThread "File lock request listener" [_thread_in_native, id=11992, stack(0x000000001eef0000,0x000000001eff0000)]
  0x000000001c995800 JavaThread "Cache worker for file hash cache (C:\Users\LUNA\.gradle\caches\4.1\fileHashes)" [_thread_blocked, id=31272, stack(0x000000001ebf0000,0x000000001ecf0000)]
  0x000000001ccd6000 JavaThread "Stdin handler" [_thread_blocked, id=30644, stack(0x000000001e9f0000,0x000000001eaf0000)]
  0x000000001ccd5800 JavaThread "Asynchronous log dispatcher for DefaultDaemonConnection: socket connection from /127.0.0.1:64716 to /127.0.0.1:64717" [_thread_blocked, id=23624, stack(0x000000001e8f0000,0x000000001e9f0000)]
  0x000000001cb9d800 JavaThread "Daemon worker" [_thread_blocked, id=31060, stack(0x000000001e7f0000,0x000000001e8f0000)]
  0x000000001c6d9000 JavaThread "Cancel handler" [_thread_blocked, id=20880, stack(0x000000001e6f0000,0x000000001e7f0000)]
  0x000000001c5d5800 JavaThread "Handler for socket connection from /127.0.0.1:64716 to /127.0.0.1:64717" [_thread_in_native, id=22932, stack(0x000000001e3f0000,0x000000001e4f0000)]
  0x000000001c5d4000 JavaThread "Daemon" [_thread_blocked, id=13516, stack(0x000000001e2f0000,0x000000001e3f0000)]
  0x000000001c5cc800 JavaThread "Daemon periodic checks" [_thread_blocked, id=17104, stack(0x000000001e1f0000,0x000000001e2f0000)]
  0x000000001c8d3000 JavaThread "Incoming local TCP Connector on port 64716" [_thread_in_native, id=28212, stack(0x000000001ce40000,0x000000001cf40000)]
  0x000000001a9d5800 JavaThread "Service Thread" daemon [_thread_blocked, id=28348, stack(0x000000001b450000,0x000000001b550000)]
  0x000000001a949000 JavaThread "C1 CompilerThread3" daemon [_thread_blocked, id=11324, stack(0x000000001b350000,0x000000001b450000)]
=>0x000000001a945800 JavaThread "C2 CompilerThread2" daemon [_thread_in_native, id=11364, stack(0x000000001b250000,0x000000001b350000)]
  0x000000001a943000 JavaThread "C2 CompilerThread1" daemon [_thread_blocked, id=5980, stack(0x000000001b150000,0x000000001b250000)]
  0x00000000189ca000 JavaThread "C2 CompilerThread0" daemon [_thread_blocked, id=19392, stack(0x000000001b050000,0x000000001b150000)]
  0x000000001a8f1800 JavaThread "Attach Listener" daemon [_thread_blocked, id=18120, stack(0x000000001af50000,0x000000001b050000)]
  0x000000001a940800 JavaThread "Signal Dispatcher" daemon [_thread_blocked, id=26400, stack(0x000000001ae50000,0x000000001af50000)]
  0x000000001a8d0800 JavaThread "Finalizer" daemon [_thread_blocked, id=30124, stack(0x000000001acb0000,0x000000001adb0000)]
  0x0000000004bf9000 JavaThread "Reference Handler" daemon [_thread_blocked, id=26404, stack(0x000000001a7b0000,0x000000001a8b0000)]
  0x0000000004b02800 JavaThread "main" [_thread_blocked, id=24952, stack(0x00000000049d0000,0x0000000004ad0000)]

Other Threads:
  0x00000000189b5800 VMThread [stack: 0x000000001a6b0000,0x000000001a7b0000] [id=31016]
  0x000000001a9d6800 WatcherThread [stack: 0x000000001b550000,0x000000001b650000] [id=21208]

VM state:not questionedAt safepoint (normal execution)

VM Mutex/Monitor currently owned by a thread: None

Heap:
 PSYoungGen      total 226304K, used 5370K [0x00000000e0000000, 0x00000000ef880000, 0x0000000100000000)
  eden space 211968K, 2% used [0x00000000e0000000,0x00000000e053e958,0x00000000ecf00000)
  from space 14336K, 0% used [0x00000000ecf00000,0x00000000ecf00000,0x00000000edd00000)
  to   space 14848K, 0% used [0x00000000edd00000,0x00000000edd00000,0x00000000eeb80000)
 ParOldGen       total 166912K, used 40682K [0x00000000a0000000, 0x00000000aa300000, 0x00000000e0000000)
  object space 166912K, 24% used [0x00000000a0000000,0x00000000a27ba9d8,0x00000000aa300000)
 Metaspace       used 57716K, capacity 59600K, committed 59736K, reserved 1101824K
  class space    used 7767K, capacity 8209K, committed 8320K, reserved 1048576K

Card table byte_map: [0x0000000013fc0000,0x00000000142d0000] byte_map_base: 0x0000000013ac0000

Marking Bits: (ParMarkBitMap*) 0x000000006f713950
 Begin Bits: [0x0000000014cd0000, 0x00000000164d0000)
 End Bits:   [0x00000000164d0000, 0x0000000017cd0000)

Polling page: 0x0000000002a20000

CodeCache: size=245760Kb used=23476Kb max_used=23662Kb free=222283Kb
 bounds [0x0000000004c00000, 0x0000000006340000, 0x0000000013c00000]
 total_blobs=7943 nmethods=7174 adapters=681
 compilation: enabled

Compilation events (10 events):
Event: 31.016 Thread 0x000000001a949000 8409       3       com.sun.tools.javac.util.UnsharedNameTable$NameImpl::getByteLength (6 bytes)
Event: 31.016 Thread 0x000000001a949000 nmethod 8409 0x0000000005077210 code [0x0000000005077360, 0x00000000050774b0]
Event: 31.017 Thread 0x000000001a949000 8413       3       com.sun.tools.javac.util.List::nil (4 bytes)
Event: 31.017 Thread 0x000000001a949000 nmethod 8413 0x0000000005620350 code [0x00000000056204a0, 0x00000000056205d0]
Event: 31.017 Thread 0x000000001a949000 8412       3       com.sun.tools.javac.util.UnsharedNameTable::fromUtf (232 bytes)
Event: 31.018 Thread 0x000000001a949000 nmethod 8412 0x00000000054b01d0 code [0x00000000054b0460, 0x00000000054b1738]
Event: 31.018 Thread 0x000000001a949000 8414       3       com.sun.tools.javac.code.AnnoConstruct::<init> (5 bytes)
Event: 31.018 Thread 0x000000001a949000 nmethod 8414 0x000000000507dc10 code [0x000000000507dd60, 0x000000000507df10]
Event: 31.019 Thread 0x000000001a949000 8411       1       com.sun.tools.javac.code.Symbol$PackageSymbol::getQualifiedName (5 bytes)
Event: 31.019 Thread 0x000000001a949000 nmethod 8411 0x000000000580ae50 code [0x000000000580afa0, 0x000000000580b0b0]

GC Heap History (10 events):
Event: 4.488 GC heap before
{Heap before GC invocations=8 (full 2):
 PSYoungGen      total 226816K, used 7673K [0x00000000e0000000, 0x00000000ef880000, 0x0000000100000000)
  eden space 211968K, 0% used [0x00000000e0000000,0x00000000e0000000,0x00000000ecf00000)
  from space 14848K, 51% used [0x00000000edd00000,0x00000000ee47e710,0x00000000eeb80000)
  to   space 14336K, 0% used [0x00000000ecf00000,0x00000000ecf00000,0x00000000edd00000)
 ParOldGen       total 83968K, used 7831K [0x00000000a0000000, 0x00000000a5200000, 0x00000000e0000000)
  object space 83968K, 9% used [0x00000000a0000000,0x00000000a07a5cf0,0x00000000a5200000)
 Metaspace       used 34467K, capacity 35222K, committed 35416K, reserved 1079296K
  class space    used 4680K, capacity 4965K, committed 4992K, reserved 1048576K
Event: 4.532 GC heap after
Heap after GC invocations=8 (full 2):
 PSYoungGen      total 226816K, used 0K [0x00000000e0000000, 0x00000000ef880000, 0x0000000100000000)
  eden space 211968K, 0% used [0x00000000e0000000,0x00000000e0000000,0x00000000ecf00000)
  from space 14848K, 0% used [0x00000000edd00000,0x00000000edd00000,0x00000000eeb80000)
  to   space 14336K, 0% used [0x00000000ecf00000,0x00000000ecf00000,0x00000000edd00000)
 ParOldGen       total 111616K, used 14050K [0x00000000a0000000, 0x00000000a6d00000, 0x00000000e0000000)
  object space 111616K, 12% used [0x00000000a0000000,0x00000000a0db89c0,0x00000000a6d00000)
 Metaspace       used 34467K, capacity 35222K, committed 35416K, reserved 1079296K
  class space    used 4680K, capacity 4965K, committed 4992K, reserved 1048576K
}
Event: 6.297 GC heap before
{Heap before GC invocations=9 (full 2):
 PSYoungGen      total 226816K, used 211968K [0x00000000e0000000, 0x00000000ef880000, 0x0000000100000000)
  eden space 211968K, 100% used [0x00000000e0000000,0x00000000ecf00000,0x00000000ecf00000)
  from space 14848K, 0% used [0x00000000edd00000,0x00000000edd00000,0x00000000eeb80000)
  to   space 14336K, 0% used [0x00000000ecf00000,0x00000000ecf00000,0x00000000edd00000)
 ParOldGen       total 111616K, used 14050K [0x00000000a0000000, 0x00000000a6d00000, 0x00000000e0000000)
  object space 111616K, 12% used [0x00000000a0000000,0x00000000a0db89c0,0x00000000a6d00000)
 Metaspace       used 49526K, capacity 51022K, committed 51160K, reserved 1093632K
  class space    used 6666K, capacity 7056K, committed 7168K, reserved 1048576K
Event: 6.312 GC heap after
Heap after GC invocations=9 (full 2):
 PSYoungGen      total 226304K, used 14320K [0x00000000e0000000, 0x00000000ef880000, 0x0000000100000000)
  eden space 211968K, 0% used [0x00000000e0000000,0x00000000e0000000,0x00000000ecf00000)
  from space 14336K, 99% used [0x00000000ecf00000,0x00000000edcfc388,0x00000000edd00000)
  to   space 14848K, 0% used [0x00000000edd00000,0x00000000edd00000,0x00000000eeb80000)
 ParOldGen       total 111616K, used 20231K [0x00000000a0000000, 0x00000000a6d00000, 0x00000000e0000000)
  object space 111616K, 18% used [0x00000000a0000000,0x00000000a13c1fa0,0x00000000a6d00000)
 Metaspace       used 49526K, capacity 51022K, committed 51160K, reserved 1093632K
  class space    used 6666K, capacity 7056K, committed 7168K, reserved 1048576K
}
Event: 8.329 GC heap before
{Heap before GC invocations=10 (full 2):
 PSYoungGen      total 226304K, used 226288K [0x00000000e0000000, 0x00000000ef880000, 0x0000000100000000)
  eden space 211968K, 100% used [0x00000000e0000000,0x00000000ecf00000,0x00000000ecf00000)
  from space 14336K, 99% used [0x00000000ecf00000,0x00000000edcfc388,0x00000000edd00000)
  to   space 14848K, 0% used [0x00000000edd00000,0x00000000edd00000,0x00000000eeb80000)
 ParOldGen       total 111616K, used 20231K [0x00000000a0000000, 0x00000000a6d00000, 0x00000000e0000000)
  object space 111616K, 18% used [0x00000000a0000000,0x00000000a13c1fa0,0x00000000a6d00000)
 Metaspace       used 55327K, capacity 57108K, committed 57304K, reserved 1099776K
  class space    used 7428K, capacity 7861K, committed 7936K, reserved 1048576K
Event: 8.343 GC heap after
Heap after GC invocations=10 (full 2):
 PSYoungGen      total 226816K, used 14837K [0x00000000e0000000, 0x00000000ef880000, 0x0000000100000000)
  eden space 211968K, 0% used [0x00000000e0000000,0x00000000e0000000,0x00000000ecf00000)
  from space 14848K, 99% used [0x00000000edd00000,0x00000000eeb7d520,0x00000000eeb80000)
  to   space 14336K, 0% used [0x00000000ecf00000,0x00000000ecf00000,0x00000000edd00000)
 ParOldGen       total 111616K, used 27141K [0x00000000a0000000, 0x00000000a6d00000, 0x00000000e0000000)
  object space 111616K, 24% used [0x00000000a0000000,0x00000000a1a817c0,0x00000000a6d00000)
 Metaspace       used 55327K, capacity 57108K, committed 57304K, reserved 1099776K
  class space    used 7428K, capacity 7861K, committed 7936K, reserved 1048576K
}
Event: 30.757 GC heap before
{Heap before GC invocations=11 (full 2):
 PSYoungGen      total 226816K, used 83666K [0x00000000e0000000, 0x00000000ef880000, 0x0000000100000000)
  eden space 211968K, 32% used [0x00000000e0000000,0x00000000e43374a0,0x00000000ecf00000)
  from space 14848K, 99% used [0x00000000edd00000,0x00000000eeb7d520,0x00000000eeb80000)
  to   space 14336K, 0% used [0x00000000ecf00000,0x00000000ecf00000,0x00000000edd00000)
 ParOldGen       total 111616K, used 27141K [0x00000000a0000000, 0x00000000a6d00000, 0x00000000e0000000)
  object space 111616K, 24% used [0x00000000a0000000,0x00000000a1a817c0,0x00000000a6d00000)
 Metaspace       used 57093K, capacity 58928K, committed 59028K, reserved 1099776K
  class space    used 7669K, capacity 8113K, committed 8192K, reserved 1048576K
Event: 30.769 GC heap after
Heap after GC invocations=11 (full 2):
 PSYoungGen      total 226304K, used 14309K [0x00000000e0000000, 0x00000000ef880000, 0x0000000100000000)
  eden space 211968K, 0% used [0x00000000e0000000,0x00000000e0000000,0x00000000ecf00000)
  from space 14336K, 99% used [0x00000000ecf00000,0x00000000edcf94c0,0x00000000edd00000)
  to   space 14848K, 0% used [0x00000000edd00000,0x00000000edd00000,0x00000000eeb80000)
 ParOldGen       total 111616K, used 33587K [0x00000000a0000000, 0x00000000a6d00000, 0x00000000e0000000)
  object space 111616K, 30% used [0x00000000a0000000,0x00000000a20ccd98,0x00000000a6d00000)
 Metaspace       used 57093K, capacity 58928K, committed 59028K, reserved 1099776K
  class space    used 7669K, capacity 8113K, committed 8192K, reserved 1048576K
}
Event: 30.769 GC heap before
{Heap before GC invocations=12 (full 3):
 PSYoungGen      total 226304K, used 14309K [0x00000000e0000000, 0x00000000ef880000, 0x0000000100000000)
  eden space 211968K, 0% used [0x00000000e0000000,0x00000000e0000000,0x00000000ecf00000)
  from space 14336K, 99% used [0x00000000ecf00000,0x00000000edcf94c0,0x00000000edd00000)
  to   space 14848K, 0% used [0x00000000edd00000,0x00000000edd00000,0x00000000eeb80000)
 ParOldGen       total 111616K, used 33587K [0x00000000a0000000, 0x00000000a6d00000, 0x00000000e0000000)
  object space 111616K, 30% used [0x00000000a0000000,0x00000000a20ccd98,0x00000000a6d00000)
 Metaspace       used 57093K, capacity 58928K, committed 59028K, reserved 1099776K
  class space    used 7669K, capacity 8113K, committed 8192K, reserved 1048576K
Event: 30.994 GC heap after
Heap after GC invocations=12 (full 3):
 PSYoungGen      total 226304K, used 0K [0x00000000e0000000, 0x00000000ef880000, 0x0000000100000000)
  eden space 211968K, 0% used [0x00000000e0000000,0x00000000e0000000,0x00000000ecf00000)
  from space 14336K, 0% used [0x00000000ecf00000,0x00000000ecf00000,0x00000000edd00000)
  to   space 14848K, 0% used [0x00000000edd00000,0x00000000edd00000,0x00000000eeb80000)
 ParOldGen       total 166912K, used 40682K [0x00000000a0000000, 0x00000000aa300000, 0x00000000e0000000)
  object space 166912K, 24% used [0x00000000a0000000,0x00000000a27ba9d8,0x00000000aa300000)
 Metaspace       used 57093K, capacity 58928K, committed 59028K, reserved 1099776K
  class space    used 7669K, capacity 8113K, committed 8192K, reserved 1048576K
}

Deoptimization events (10 events):
Event: 30.156 Thread 0x000000001f8c1800 Uncommon trap: reason=null_check action=make_not_entrant pc=0x0000000005507df4 method=org.gradle.api.internal.changedetection.state.CachingFileHasher.snapshot(Ljava/io/File;JJ)Lorg/gradle/api/internal/changedetection/state/CachingFileHasher$FileInfo; @ 31
Event: 30.158 Thread 0x000000001f8c1800 Uncommon trap: reason=unstable_if action=reinterpret pc=0x000000000625d5f4 method=org.gradle.api.internal.changedetection.state.InMemoryDecoratedCache.get(Ljava/lang/Object;)Ljava/lang/Object; @ 106
Event: 30.162 Thread 0x000000001f8c1800 Uncommon trap: reason=unstable_if action=reinterpret pc=0x000000000622401c method=org.gradle.api.internal.changedetection.state.InMemoryDecoratedCache.get(Ljava/lang/Object;)Ljava/lang/Object; @ 106
Event: 30.307 Thread 0x000000001f8c1800 Uncommon trap: reason=class_check action=maybe_recompile pc=0x00000000050b3654 method=java.util.regex.Matcher.search(I)Z @ 86
Event: 30.307 Thread 0x000000001f8c1800 Uncommon trap: reason=class_check action=maybe_recompile pc=0x00000000051611ec method=java.util.regex.Matcher.search(I)Z @ 86
Event: 30.308 Thread 0x000000001f8c1800 Uncommon trap: reason=class_check action=maybe_recompile pc=0x00000000050b3654 method=java.util.regex.Matcher.search(I)Z @ 86
Event: 30.308 Thread 0x000000001f8c1800 Uncommon trap: reason=class_check action=maybe_recompile pc=0x00000000051611ec method=java.util.regex.Matcher.search(I)Z @ 86
Event: 30.309 Thread 0x000000001f8c1800 Uncommon trap: reason=class_check action=maybe_recompile pc=0x00000000050b3654 method=java.util.regex.Matcher.search(I)Z @ 86
Event: 30.309 Thread 0x000000001f8c1800 Uncommon trap: reason=class_check action=maybe_recompile pc=0x000000000551ce84 method=java.util.regex.Matcher.search(I)Z @ 86
Event: 30.995 Thread 0x0000000004bf9000 Uncommon trap: reason=unstable_if action=reinterpret pc=0x000000000515d2f4 method=java.lang.ref.Reference.tryHandlePending(Z)Z @ 20

Classes redefined (0 events):
No events

Internal exceptions (10 events):
Event: 6.672 Thread 0x000000001f8c1800 Exception <a 'java/lang/NoSuchMethodError': <clinit>> (0x00000000e2bed4e0) thrown questionedAt [D:\src\AOSP-openjdk-cygwin\jdk8u\hotspot\src\share\vm\prims\jni.cpp, line 1613]
Event: 6.673 Thread 0x000000001f8c1800 Exception <a 'java/lang/NoSuchMethodError': <clinit>> (0x00000000e2c002e8) thrown questionedAt [D:\src\AOSP-openjdk-cygwin\jdk8u\hotspot\src\share\vm\prims\jni.cpp, line 1613]
Event: 6.673 Thread 0x000000001f8c1800 Exception <a 'java/lang/NoSuchMethodError': <clinit>> (0x00000000e2c01b98) thrown questionedAt [D:\src\AOSP-openjdk-cygwin\jdk8u\hotspot\src\share\vm\prims\jni.cpp, line 1613]
Event: 7.592 Thread 0x000000001f8c1800 Implicit null exception questionedAt 0x0000000005533a5e to 0x0000000005533be1
Event: 8.032 Thread 0x000000001f8c1800 Exception <a 'java/lang/NoSuchMethodError': <clinit>> (0x00000000eb472ad8) thrown questionedAt [D:\src\AOSP-openjdk-cygwin\jdk8u\hotspot\src\share\vm\prims\jni.cpp, line 1613]
Event: 8.032 Thread 0x000000001f8c1800 Exception <a 'java/lang/NoSuchMethodError': <clinit>> (0x00000000eb47bf10) thrown questionedAt [D:\src\AOSP-openjdk-cygwin\jdk8u\hotspot\src\share\vm\prims\jni.cpp, line 1613]
Event: 8.231 Thread 0x000000001f8c1800 Exception <a 'java/lang/IncompatibleClassChangeError': Found class java.lang.Object, but interface was expected> (0x00000000ec904c30) thrown questionedAt [D:\src\AOSP-openjdk-cygwin\jdk8u\hotspot\src\share\vm\interpreter\linkResolver.cpp, line 643]
Event: 11.745 Thread 0x000000001f8bf800 Exception <a 'java/lang/NoSuchMethodError': java.lang.Object.lambda$negate$1(Ljava/lang/Object;)Z> (0x00000000e108b5f0) thrown questionedAt [D:\src\AOSP-openjdk-cygwin\jdk8u\hotspot\src\share\vm\interpreter\linkResolver.cpp, line 584]
Event: 12.979 Thread 0x000000001f8c1800 Exception <a 'java/lang/NoSuchMethodError': java.lang.Object.lambda$comparingInt$7b0bb60$1(Ljava/util/function/ToIntFunction;Ljava/lang/Object;Ljava/lang/Object;)I> (0x00000000e1304e48) thrown questionedAt [D:\src\AOSP-openjdk-cygwin\jdk8u\hotspot\src\share\vm\inte
Event: 30.156 Thread 0x000000001f8c1800 Implicit null exception questionedAt 0x00000000055070cc to 0x0000000005507dd9

Events (10 events):
Event: 31.022 loading class com/sun/tools/javac/code/Scope$ScopeListener
Event: 31.023 loading class com/sun/tools/javac/code/Scope$ScopeListener done
Event: 31.023 loading class com/sun/tools/javac/code/Types$MembersClosureCache$MembersScope
Event: 31.023 loading class com/sun/tools/javac/code/Types$MembersClosureCache$MembersScope done
Event: 31.023 loading class com/sun/tools/javac/code/Types$FunctionDescriptorLookupError
Event: 31.023 loading class com/sun/tools/javac/code/Types$FunctionDescriptorLookupError done
Event: 31.023 loading class com/sun/tools/javac/code/Type$CapturedType
Event: 31.023 loading class com/sun/tools/javac/code/Type$CapturedType done
Event: 31.024 loading class com/sun/tools/javac/code/Type$UndetVar
Event: 31.024 loading class com/sun/tools/javac/code/Type$UndetVar done


Dynamic libraries:
0x00007ff6d3c90000 - 0x00007ff6d3cc1000 	C:\Program Files\Android\Android Studio\jre\bin\java.exe
0x00007ffadba40000 - 0x00007ffadbc20000 	C:\WINDOWS\SYSTEM32\ntdll.dll
0x00007ffad90d0000 - 0x00007ffad917e000 	C:\WINDOWS\System32\KERNEL32.DLL
0x00007ffad8c80000 - 0x00007ffad8ee6000 	C:\WINDOWS\System32\KERNELBASE.dll
0x00007ffad9020000 - 0x00007ffad90c1000 	C:\WINDOWS\System32\ADVAPI32.dll
0x00007ffad9af0000 - 0x00007ffad9b8d000 	C:\WINDOWS\System32\msvcrt.dll
0x00007ffad94f0000 - 0x00007ffad954b000 	C:\WINDOWS\System32\sechost.dll
0x00007ffadb210000 - 0x00007ffadb32f000 	C:\WINDOWS\System32\RPCRT4.dll
0x00007ffad9180000 - 0x00007ffad930f000 	C:\WINDOWS\System32\USER32.dll
0x00007ffad8ef0000 - 0x00007ffad8f10000 	C:\WINDOWS\System32\win32u.dll
0x00007ffadb550000 - 0x00007ffadb578000 	C:\WINDOWS\System32\GDI32.dll
0x00007ffad8ae0000 - 0x00007ffad8c74000 	C:\WINDOWS\System32\gdi32full.dll
0x00007ffad8140000 - 0x00007ffad81db000 	C:\WINDOWS\System32\msvcp_win.dll
0x00007ffad8990000 - 0x00007ffad8a86000 	C:\WINDOWS\System32\ucrtbase.dll
0x00007ffacc970000 - 0x00007ffaccbd9000 	C:\WINDOWS\WinSxS\amd64_microsoft.windows.common-controls_6595b64144ccf1df_6.0.16299.64_none_cc9304e22215ca8f\COMCTL32.dll
0x00007ffadb700000 - 0x00007ffadba08000 	C:\WINDOWS\System32\combase.dll
0x00007ffad8010000 - 0x00007ffad8082000 	C:\WINDOWS\System32\bcryptPrimitives.dll
0x00007ffadb6a0000 - 0x00007ffadb6cd000 	C:\WINDOWS\System32\IMM32.DLL
0x000000006eda0000 - 0x000000006ee72000 	C:\Program Files\Android\Android Studio\jre\jre\bin\msvcr100.dll
0x000000006ef50000 - 0x000000006f78e000 	C:\Program Files\Android\Android Studio\jre\jre\bin\server\jvm.dll
0x00007ffadb6d0000 - 0x00007ffadb6d8000 	C:\WINDOWS\System32\PSAPI.DLL
0x00007ffad6a30000 - 0x00007ffad6a39000 	C:\WINDOWS\SYSTEM32\WSOCK32.dll
0x00007ffad3590000 - 0x00007ffad35b3000 	C:\WINDOWS\SYSTEM32\WINMM.dll
0x00007ffad0bd0000 - 0x00007ffad0bda000 	C:\WINDOWS\SYSTEM32\VERSION.dll
0x00007ffad8f10000 - 0x00007ffad8f7c000 	C:\WINDOWS\System32\WS2_32.dll
0x00007ffad3530000 - 0x00007ffad355a000 	C:\WINDOWS\SYSTEM32\WINMMBASE.dll
0x00007ffad8a90000 - 0x00007ffad8ada000 	C:\WINDOWS\System32\cfgmgr32.dll
0x00007ffad3c20000 - 0x00007ffad3c2f000 	C:\Program Files\Android\Android Studio\jre\jre\bin\verify.dll
0x00007ffacbfb0000 - 0x00007ffacbfd9000 	C:\Program Files\Android\Android Studio\jre\jre\bin\java.dll
0x00007ffacbed0000 - 0x00007ffacbee6000 	C:\Program Files\Android\Android Studio\jre\jre\bin\zip.dll
0x00007ffad9ba0000 - 0x00007ffadafd7000 	C:\WINDOWS\System32\SHELL32.dll
0x00007ffadb580000 - 0x00007ffadb626000 	C:\WINDOWS\System32\shcore.dll
0x00007ffad8240000 - 0x00007ffad8987000 	C:\WINDOWS\System32\windows.storage.dll
0x00007ffadb040000 - 0x00007ffadb091000 	C:\WINDOWS\System32\shlwapi.dll
0x00007ffad7db0000 - 0x00007ffad7dc1000 	C:\WINDOWS\System32\kernel.appcore.dll
0x00007ffad7df0000 - 0x00007ffad7e3c000 	C:\WINDOWS\System32\powrprof.dll
0x00007ffad7d90000 - 0x00007ffad7dab000 	C:\WINDOWS\System32\profapi.dll
0x00007ffacbdb0000 - 0x00007ffacbdca000 	C:\Program Files\Android\Android Studio\jre\jre\bin\net.dll
0x00007ffad7620000 - 0x00007ffad7686000 	C:\WINDOWS\system32\mswsock.dll
0x00007ffacbd90000 - 0x00007ffacbda1000 	C:\Program Files\Android\Android Studio\jre\jre\bin\nio.dll
0x00007ffac2b50000 - 0x00007ffac2b6e000 	C:\Users\LUNA\.gradle\native\25\windows-amd64\native-platform.dll
0x00007ffad3be0000 - 0x00007ffad3bed000 	C:\Program Files\Android\Android Studio\jre\jre\bin\management.dll
0x00007ffad77e0000 - 0x00007ffad77f7000 	C:\WINDOWS\SYSTEM32\CRYPTSP.dll
0x00007ffad7230000 - 0x00007ffad7263000 	C:\WINDOWS\system32\rsaenh.dll
0x00007ffad78f0000 - 0x00007ffad7915000 	C:\WINDOWS\SYSTEM32\bcrypt.dll
0x00007ffad7cc0000 - 0x00007ffad7ce9000 	C:\WINDOWS\SYSTEM32\USERENV.dll
0x00007ffad7800000 - 0x00007ffad780b000 	C:\WINDOWS\SYSTEM32\CRYPTBASE.dll
0x00007ffad73b0000 - 0x00007ffad73e9000 	C:\WINDOWS\SYSTEM32\IPHLPAPI.DLL
0x00007ffadb630000 - 0x00007ffadb638000 	C:\WINDOWS\System32\NSI.dll
0x00007ffad23f0000 - 0x00007ffad2406000 	C:\WINDOWS\SYSTEM32\dhcpcsvc6.DLL
0x00007ffad23d0000 - 0x00007ffad23ea000 	C:\WINDOWS\SYSTEM32\dhcpcsvc.DLL

VM Arguments:
jvm_args: -Xmx1536m -Dfile.encoding=x-windows-949 -Duser.country=KR -Duser.language=ko -Duser.variant 
java_command: org.gradle.launcher.daemon.bootstrap.GradleDaemon 4.1
java_class_path (initial): C:\Users\LUNA\.gradle\wrapper\dists\gradle-4.1-all\bzyivzo6n839fup2jbap0tjew\gradle-4.1\lib\gradle-launcher-4.1.jar
Launcher Type: SUN_STANDARD

Environment Variables:
JAVA_HOME=C:\Program Files\Java\jdk1.8.0_131
CLASSPATH=.;C:\Program Files (x86)\QuickTime\QTSystem\QTJava.zip
PATH=C:\Program Files\Java\jdk1.8.0_131;C:\ProgramData\Oracle\Java\javapath;C:\Program Files (x86)\Intel\iCLS Client\;C:\Program Files\Intel\iCLS Client\;C:\Windows\system32;C:\Windows;C:\Windows\System32\Wbem;C:\Windows\System32\WindowsPowerShell\v1.0\;C:\Program Files (x86)\Intel\Intel(R) Management Engine Components\DAL;C:\Program Files\Intel\Intel(R) Management Engine Components\DAL;C:\Program Files (x86)\Intel\Intel(R) Management Engine Components\IPT;C:\Program Files\Intel\Intel(R) Management Engine Components\IPT;C:\Program Files (x86)\NVIDIA Corporation\PhysX\Common;C:\WINDOWS\system32;C:\WINDOWS;C:\WINDOWS\System32\Wbem;C:\WINDOWS\System32\WindowsPowerShell\v1.0\;C:\Program Files\PuTTY\;C:\Program Files\Java\jre1.8.0_144;C:\Program Files (x86)\Bitvise SSH Client;JAVA_HOME;C:\Program Files\Git\cmd;C:\Program Files (x86)\QuickTime\QTSystem\;C:\Program Files\Java\jdk1.8.0_131\bin;C:\Program Files\Java\jdk1.8.0_131;C:\Users\LUNA\AppData\Local\GitHubDesktop\bin;C:\Program Files\Java\jre1.8.0_144;;%USERPROFILE%\AppData\Local\Microsoft\WindowsApps
USERNAME=LUNA
OS=Windows_NT
PROCESSOR_IDENTIFIER=Intel64 Family 6 Model 94 Stepping 3, GenuineIntel



---------------  S Y S T E M  ---------------

OS: Windows 10.0 , 64 bit Build 16299 (10.0.16299.15)

CPU:total 8 (initial active 8) (4 cores per cpu, 2 threads per core) family 6 model 94 stepping 3, cmov, cx8, fxsr, mmx, sse, sse2, sse3, ssse3, sse4.1, sse4.2, popcnt, avx, avx2, aes, clmul, erms, rtm, 3dnowpref, lzcnt, ht, tsc, tscinvbit, bmi1, bmi2, adx

Memory: 4k page, physical 16635468k(2217816k free), swap 16635468k(4416k free)

vm_info: OpenJDK 64-Bit Server VM (25.152-b01) for windows-amd64 JRE (1.8.0_152-release-915-b01), built by "builder" with MS VC++ 10.0 (VS2010)

time: Fri Dec 15 16:33:08 2017
elapsed time: 31 seconds (0d 0h 0m 31s)

